#
# A fatal error has been detected by the Java Runtime Environment:
#
#  SIGBUS (0xa) at pc=0x0000000106829ae8, pid=44320, tid=25091
#
# JRE version: OpenJDK Runtime Environment Temurin-17.0.6+10 (17.0.6+10) (build 17.0.6+10)
# Java VM: OpenJDK 64-Bit Server VM Temurin-17.0.6+10 (17.0.6+10, mixed mode, tiered, compressed oops, compressed class ptrs, parallel gc, bsd-aarch64)
# Problematic frame:
# V  [libjvm.dylib+0x81dae8]  _ZN20ParCompactionManager13mark_and_pushI9narrowOopEEvPT_+0x60
#
# No core dump will be written. Core dumps have been disabled. To enable core dumping, try "ulimit -c unlimited" before starting Java again
#
# If you would like to submit a bug report, please visit:
#   https://github.com/adoptium/adoptium-support/issues
#

---------------  S U M M A R Y ------------

Command Line: --add-modules=ALL-SYSTEM --add-opens=java.base/java.util=ALL-UNNAMED --add-opens=java.base/java.lang=ALL-UNNAMED --add-opens=java.base/sun.nio.fs=ALL-UNNAMED -Declipse.application=org.eclipse.jdt.ls.core.id1 -Dosgi.bundles.defaultStartLevel=4 -Declipse.product=org.eclipse.jdt.ls.core.product -Djava.import.generatesMetadataFilesAtProjectRoot=false -Dfile.encoding=utf8 -XX:+UseParallelGC -XX:GCTimeRatio=4 -XX:AdaptiveSizePolicyWeight=90 -Dsun.zip.disableMemoryMapping=true -Xmx1G -Xms100m -Xlog:disable -javaagent:/Users/hooriyaamjad/.vscode/extensions/redhat.java-1.16.0-darwin-arm64/lombok/lombok-1.18.24.jar -XX:+HeapDumpOnOutOfMemoryError -XX:HeapDumpPath=/Users/hooriyaamjad/Library/Application Support/Code/User/workspaceStorage/e5108e9027a6f4c8b458c2c808088203/redhat.java /Users/hooriyaamjad/.vscode/extensions/redhat.java-1.16.0-darwin-arm64/server/plugins/org.eclipse.equinox.launcher_1.6.400.v20210924-0641.jar -configuration /Users/hooriyaamjad/Library/Application Support/Code/User/globalStorage/redhat.java/1.16.0/config_mac -data /Users/hooriyaamjad/Library/Application Support/Code/User/workspaceStorage/e5108e9027a6f4c8b458c2c808088203/redhat.java/jdt_ws

Host: "MacBookPro17,1" arm64, 8 cores, 16G, Darwin 21.5.0, macOS 12.4 (21F79)
Time: Thu Apr 13 18:15:06 2023 MDT elapsed time: 184.825619 seconds (0d 0h 3m 4s)

---------------  T H R E A D  ---------------

Current thread (0x000000013d7ab710):  GCTaskThread "GC Thread#5" [stack: 0x0000000171784000,0x0000000171987000] [id=25091]

Stack: [0x0000000171784000,0x0000000171987000],  sp=0x0000000171986c10,  free space=2059k
Native frames: (J=compiled Java code, j=interpreted, Vv=VM code, C=native code)
V  [libjvm.dylib+0x81dae8]  _ZN20ParCompactionManager13mark_and_pushI9narrowOopEEvPT_+0x60
V  [libjvm.dylib+0x812af8]  _ZN21OopOopIterateDispatchI27PCIterateMarkAndPushClosureE5Table15oop_oop_iterateI13InstanceKlass9narrowOopEEvPS0_P7oopDescP5Klass+0x84
V  [libjvm.dylib+0x81133c]  _ZN20ParCompactionManager15follow_contentsEP7oopDesc+0x1b8
V  [libjvm.dylib+0x810f38]  _ZN20ParCompactionManager21follow_marking_stacksEv+0xe0
V  [libjvm.dylib+0x81e7cc]  _ZN34PCAddThreadRootsMarkingTaskClosure9do_threadEP6Thread+0x8c
V  [libjvm.dylib+0x9aa6c8]  _ZN7Threads28possibly_parallel_threads_doEbP13ThreadClosure+0x94
V  [libjvm.dylib+0x81e3dc]  _ZN17MarkFromRootsTask4workEj+0xf4
V  [libjvm.dylib+0xa48528]  _ZN10GangWorker4loopEv+0x64
V  [libjvm.dylib+0xa484b0]  _ZN10GangWorker10initializeEv+0x0
V  [libjvm.dylib+0x9a5aec]  _ZN6Thread8call_runEv+0xe0
V  [libjvm.dylib+0x7c613c]  _ZL19thread_native_entryP6Thread+0x158
C  [libsystem_pthread.dylib+0x726c]  _pthread_start+0x94


siginfo: si_signo: 10 (SIGBUS), si_code: 1 (BUS_ADRALN), si_addr: 0x040000011371faa8

Register to memory mapping:

 x0=0x000000012d846e00 points into unknown readable memory: 0x0000000000000000 | 00 00 00 00 00 00 00 00
 x1=0x00000007c5137848 is pointing into object: lombok.eclipse.EclipseNode 
{0x00000007c5137830} - klass: 'lombok/eclipse/EclipseNode'
 - ---- fields (total size 5 words):
 - protected 'isStructurallySignificant' 'Z' @12  false
 - protected final 'kind' 'Llombok/core/AST$Kind;' @16  a 'lombok/core/AST$Kind'{0x00000007c1f66a18} (f83ecd43)
 - protected final 'node' 'Ljava/lang/Object;' @20  a 'org/eclipse/jdt/internal/compiler/ast/SingleNameReference'{0x00000007c5118a60} (f8a2314c)
 - protected 'children' 'Llombok/core/LombokImmutableList;' @24  
[error occurred during error reporting (printing register info), id 0xb, SIGSEGV (0xb) at pc=0x0000000106479fa4]

Registers:
 x0=0x000000012d846e00  x1=0x00000007c5137848  x2=0x0000000000000003  x3=0x0000000000000000
 x4=0x0000000000000001  x5=0x0000000000000000  x6=0x0000000000000001  x7=0x00000000000f4240
 x8=0x0000000118c58000  x9=0x1fffffffd563d56c x10=0x03fffffffaac7aa8 x11=0x0000000106c16038
x12=0x0000000000000000 x13=0x0250942004021008 x14=0x0000000000000008 x15=0x0000000171986c28
x16=0x0c00000000000000 x17=0x000000012d67ead0 x18=0x0000000000000000 x19=0x00000007c5137830
x20=0x000000066b1eab60 x21=0x00000007c5137848 x22=0x000000080060dc10 x23=0x000000080060dc18
x24=0x00000007c5137854 x25=0x0000000100000000 x26=0x000000000001ffff x27=0x0000000106c685a0
x28=0x0000000000000000  fp=0x0000000171986c20  lr=0x000000010681eaf8  sp=0x0000000171986c10
pc=0x0000000106829ae8 cpsr=0x0000000080001000
Top of Stack: (sp=0x0000000171986c10)
0x0000000171986c10:   0000000171986c70 00000007c5137830
0x0000000171986c20:   0000000171986c60 000000010681eaf8
0x0000000171986c30:   0000000000001fff 000000012d846e00
0x0000000171986c40:   000000013d81b000 000000012d8470d0
0x0000000171986c50:   00000007c5137830 000000012d846e00
0x0000000171986c60:   0000000171986cb0 000000010681d33c
0x0000000171986c70:   0000000106c16038 000000013d7443a0
0x0000000171986c80:   0000000100000003 000000012d846e00
0x0000000171986c90:   000000013d81b000 000000012d8470d0
0x0000000171986ca0:   000000012d846f48 000000012d846e00
0x0000000171986cb0:   0000000171986d10 000000010681cf38
0x0000000171986cc0:   0000000000000000 00000000000000b8
0x0000000171986cd0:   000000011e639290 000000013d7abdd8
0x0000000171986ce0:   000000013d7aba00 000000012d846e00
0x0000000171986cf0:   000000013d81b000 00000000000003d8
0x0000000171986d00:   000000013d7ab9f0 000000013d7ab9c0
0x0000000171986d10:   0000000171986d90 000000010682a7cc
0x0000000171986d20:   0000000000000000 0000000106c06ad0
0x0000000171986d30:   0000000171986d40 0000000000000000
0x0000000171986d40:   0000000106c16398 000000012d846e00
0x0000000171986d50:   000000011e639290 0000000000000180
0x0000000171986d60:   0000000000000470 0000000106ad9efa
0x0000000171986d70:   0000000106b246af 0000000106b2468a
0x0000000171986d80:   0000000000000001 0000000171986e18
0x0000000171986d90:   0000000171986df0 00000001069b66c8
0x0000000171986da0:   0000000000000000 0000000000000000
0x0000000171986db0:   0000000000000000 0000000000000000
0x0000000171986dc0:   0000000000000000 00000000ffffffff
0x0000000171986dd0:   0000000000000001 000000016f7ae538
0x0000000171986de0:   0000000000000006 0000000000000006
0x0000000171986df0:   0000000171986e90 000000010682a3dc
0x0000000171986e00:   000000016f7ae1f0 000000016f7ae400 

Instructions: (pc=0x0000000106829ae8)
0x00000001068299e8:   eb15029f 54ffff63 a9437bfd a9424ff4
0x00000001068299f8:   a94157f6 a8c45ff8 d65f03c0 f9418660
0x0000000106829a08:   14000013 910b4260 52800101 b37ced01
0x0000000106829a18:   f9416a68 f9400108 d63f0100 f9416e68
0x0000000106829a28:   f9418669 d37ced08 f8286809 f9018660
0x0000000106829a38:   f9017a7f b4000049 f9416e69 d2800008
0x0000000106829a48:   f9417e6a 8b090149 f9017e69 8b081009
0x0000000106829a58:   f9000135 b9000937 91000508 f9017a68
0x0000000106829a68:   f100071f 54fffb0a 17ffffe0 00000000
0x0000000106829a78:   00000000 00000000 00000000 00000000
0x0000000106829a88:   a9be4ff4 a9017bfd 910043fd b9400028
0x0000000106829a98:   340002e8 b0002009 911f8129 f940012a
0x0000000106829aa8:   b9400929 9ac92108 8b0a0114 d0002248
0x0000000106829ab8:   d503201f f944dd08 f9400109 cb090289
0x0000000106829ac8:   d343fd29 f000200a d503201f b945a94a
0x0000000106829ad8:   9aca2529 f9400908 d343fd2a 927de54a
0x0000000106829ae8:   f86a6908 9ac92508 36000088 a9417bfd
0x0000000106829af8:   a8c24ff4 d65f03c0 aa0003f3 aa1403e0
0x0000000106829b08:   94000036 34ffff40 b9404a68 b9408a69
0x0000000106829b18:   4b090109 2a2903e9 721f3d3f 540001a1
0x0000000106829b28:   f940b668 f940aa69 eb09011f 54000241
0x0000000106829b38:   f940be69 b4000249 f940c660 f868780a
0x0000000106829b48:   f900c66a d1000529 f900be69 14000013
0x0000000106829b58:   f9406669 f8287934 11000508 12004108
0x0000000106829b68:   91012269 889ffd28 a9417bfd a8c24ff4
0x0000000106829b78:   d65f03c0 f940c260 14000012 91052260
0x0000000106829b88:   d37df108 91002101 f940a668 f9400108
0x0000000106829b98:   d63f0100 f940aa68 f940c269 f8287809
0x0000000106829ba8:   f900c260 f900b67f b4000049 f940aa69
0x0000000106829bb8:   d2800008 f940ba6a 8b090149 f900ba69
0x0000000106829bc8:   f8287814 91000508 f900b668 a9417bfd
0x0000000106829bd8:   a8c24ff4 d65f03c0 a9be4ff4 a9017bfd 


Stack slot to memory mapping:
stack at sp + 0 slots: 0x0000000171986c70 points into unknown readable memory: 0x0000000106c16038 | 38 60 c1 06 01 00 00 00
stack at sp + 1 slots: 0x00000007c5137830 is an oop: lombok.eclipse.EclipseNode 
{0x00000007c5137830} - klass: 'lombok/eclipse/EclipseNode'
 - ---- fields (total size 5 words):
 - protected 'isStructurallySignificant' 'Z' @12  false
 - protected final 'kind' 'Llombok/core/AST$Kind;' @16  a 'lombok/core/AST$Kind'{0x00000007c1f66a18} (f83ecd43)
 - protected final 'node' 'Ljava/lang/Object;' @20  a 'org/eclipse/jdt/internal/compiler/ast/SingleNameReference'{0x00000007c5118a60} (f8a2314c)
 - protected 'children' 'Llombok/core/LombokImmutableList;' @24  
[error occurred during error reporting (inspecting top of stack), id 0xb, SIGSEGV (0xb) at pc=0x0000000106479fa4]


---------------  P R O C E S S  ---------------

Threads class SMR info:
_java_thread_list=0x000000011e639080, length=34, elements={
0x000000012d81a800, 0x000000013d80d000, 0x000000013d80d600, 0x000000012e013a00,
0x000000012e010000, 0x000000012e010600, 0x000000012e010c00, 0x000000012e011200,
0x000000012e00da00, 0x000000012e014a00, 0x000000012e00e800, 0x000000013d81b000,
0x000000011d845c00, 0x000000013d81be00, 0x000000011d846200, 0x000000012e028a00,
0x000000012d9a7000, 0x000000013da18800, 0x000000011d84b400, 0x000000012e00ee00,
0x000000012d9a2800, 0x000000011d969800, 0x000000012da4f800, 0x000000011d848200,
0x000000012d9f3000, 0x000000013da18000, 0x0000000129bfec00, 0x000000011dcf0400,
0x000000012d808800, 0x000000011e844400, 0x000000011e81ae00, 0x000000013da4ae00,
0x000000011f814600, 0x000000012a311600
}

Java Threads: ( => current thread )
  0x000000012d81a800 JavaThread "main" [_thread_blocked, id=9731, stack(0x000000016f194000,0x000000016f397000)]
  0x000000013d80d000 JavaThread "Reference Handler" daemon [_thread_blocked, id=18179, stack(0x000000016f7b8000,0x000000016f9bb000)]
  0x000000013d80d600 JavaThread "Finalizer" daemon [_thread_blocked, id=14083, stack(0x000000016f9c4000,0x000000016fbc7000)]
  0x000000012e013a00 JavaThread "Signal Dispatcher" daemon [_thread_blocked, id=16131, stack(0x000000016fce8000,0x000000016feeb000)]
  0x000000012e010000 JavaThread "Service Thread" daemon [_thread_blocked, id=15619, stack(0x000000016fef4000,0x00000001700f7000)]
  0x000000012e010600 JavaThread "Monitor Deflation Thread" daemon [_thread_blocked, id=21763, stack(0x0000000170100000,0x0000000170303000)]
  0x000000012e010c00 JavaThread "C2 CompilerThread0" daemon [_thread_blocked, id=43267, stack(0x000000017030c000,0x000000017050f000)]
  0x000000012e011200 JavaThread "C1 CompilerThread0" daemon [_thread_blocked, id=42755, stack(0x0000000170518000,0x000000017071b000)]
  0x000000012e00da00 JavaThread "Sweeper thread" daemon [_thread_blocked, id=42499, stack(0x0000000170724000,0x0000000170927000)]
  0x000000012e014a00 JavaThread "Common-Cleaner" daemon [_thread_blocked, id=41987, stack(0x0000000170930000,0x0000000170b33000)]
  0x000000012e00e800 JavaThread "Notification Thread" daemon [_thread_blocked, id=22787, stack(0x0000000170b3c000,0x0000000170d3f000)]
  0x000000013d81b000 JavaThread "Active Thread: Equinox Container: 8419d32e-fac4-450e-b2b6-2f4eebfdd993" [_thread_blocked, id=25603, stack(0x0000000171990000,0x0000000171b93000)]
  0x000000011d845c00 JavaThread "Refresh Thread: Equinox Container: 8419d32e-fac4-450e-b2b6-2f4eebfdd993" daemon [_thread_blocked, id=40963, stack(0x0000000171b9c000,0x0000000171d9f000)]
  0x000000013d81be00 JavaThread "Framework Event Dispatcher: Equinox Container: 8419d32e-fac4-450e-b2b6-2f4eebfdd993" daemon [_thread_blocked, id=40707, stack(0x0000000171da8000,0x0000000171fab000)]
  0x000000011d846200 JavaThread "Start Level: Equinox Container: 8419d32e-fac4-450e-b2b6-2f4eebfdd993" daemon [_thread_blocked, id=26371, stack(0x0000000171fb4000,0x00000001721b7000)]
  0x000000012e028a00 JavaThread "SCR Component Actor" daemon [_thread_blocked, id=26883, stack(0x00000001721c0000,0x00000001723c3000)]
  0x000000012d9a7000 JavaThread "Bundle File Closer" daemon [_thread_blocked, id=28163, stack(0x00000001729f0000,0x0000000172bf3000)]
  0x000000013da18800 JavaThread "Worker-JM" [_thread_blocked, id=28675, stack(0x0000000172bfc000,0x0000000172dff000)]
  0x000000011d84b400 JavaThread "Worker-0" [_thread_blocked, id=29187, stack(0x0000000172e08000,0x000000017300b000)]
  0x000000012e00ee00 JavaThread "Worker-1" [_thread_blocked, id=39427, stack(0x0000000173014000,0x0000000173217000)]
  0x000000012d9a2800 JavaThread "Java indexing" daemon [_thread_blocked, id=29955, stack(0x0000000173220000,0x0000000173423000)]
  0x000000011d969800 JavaThread "pool-2-thread-1" [_thread_blocked, id=38915, stack(0x000000017342c000,0x000000017362f000)]
  0x000000012da4f800 JavaThread "pool-1-thread-1" [_thread_in_native, id=30211, stack(0x0000000173638000,0x000000017383b000)]
  0x000000011d848200 JavaThread "Worker-2" [_thread_blocked, id=38147, stack(0x0000000173844000,0x0000000173a47000)]
  0x000000012d9f3000 JavaThread "Worker-3" [_thread_blocked, id=30723, stack(0x0000000173a50000,0x0000000173c53000)]
  0x000000013da18000 JavaThread "Worker-4" [_thread_blocked, id=37383, stack(0x0000000173c5c000,0x0000000173e5f000)]
  0x0000000129bfec00 JavaThread "ForkJoinPool.commonPool-worker-1" daemon [_thread_blocked, id=30979, stack(0x0000000173e68000,0x000000017406b000)]
  0x000000011dcf0400 JavaThread "ForkJoinPool.commonPool-worker-2" daemon [_thread_blocked, id=32003, stack(0x0000000174280000,0x0000000174483000)]
  0x000000012d808800 JavaThread "ForkJoinPool.commonPool-worker-3" daemon [_thread_blocked, id=36611, stack(0x000000017448c000,0x000000017468f000)]
  0x000000011e844400 JavaThread "ForkJoinPool.commonPool-worker-4" daemon [_thread_blocked, id=36355, stack(0x0000000174698000,0x000000017489b000)]
  0x000000011e81ae00 JavaThread "ForkJoinPool.commonPool-worker-5" daemon [_thread_blocked, id=36099, stack(0x00000001748a4000,0x0000000174aa7000)]
  0x000000013da4ae00 JavaThread "ForkJoinPool.commonPool-worker-6" daemon [_thread_blocked, id=33027, stack(0x0000000174ab0000,0x0000000174cb3000)]
  0x000000011f814600 JavaThread "ForkJoinPool.commonPool-worker-7" daemon [_thread_blocked, id=33283, stack(0x0000000174cbc000,0x0000000174ebf000)]
  0x000000012a311600 JavaThread "Attach Listener" daemon [_thread_blocked, id=31495, stack(0x00000001727e4000,0x00000001729e7000)]

Other Threads:
  0x000000013d746750 VMThread "VM Thread" [stack: 0x000000016f5ac000,0x000000016f7af000] [id=18435]
  0x000000012d654970 WatcherThread [stack: 0x0000000170d48000,0x0000000170f4b000] [id=41731]
  0x000000013d718780 GCTaskThread "GC Thread#0" [stack: 0x000000016f3a0000,0x000000016f5a3000] [id=19715]
  0x000000011e006da0 GCTaskThread "GC Thread#1" [stack: 0x0000000170f54000,0x0000000171157000] [id=23555]
  0x000000013d7a99f0 GCTaskThread "GC Thread#2" [stack: 0x0000000171160000,0x0000000171363000] [id=41475]
  0x000000013d7aa1e0 GCTaskThread "GC Thread#3" [stack: 0x000000017136c000,0x000000017156f000] [id=41219]
  0x000000013d7aaa80 GCTaskThread "GC Thread#4" [stack: 0x0000000171578000,0x000000017177b000] [id=24579]
=>0x000000013d7ab710 GCTaskThread "GC Thread#5" [stack: 0x0000000171784000,0x0000000171987000] [id=25091]
  0x000000012d6b9800 GCTaskThread "GC Thread#6" [stack: 0x00000001723cc000,0x00000001725cf000] [id=27395]
  0x000000012d6b9fc0 GCTaskThread "GC Thread#7" [stack: 0x00000001725d8000,0x00000001727db000] [id=39939]

Threads with active compile tasks:

VM state: at safepoint (normal execution)

VM Mutex/Monitor currently owned by a thread:  ([mutex/lock_event])
[0x000000013d709c80] Threads_lock - owner thread: 0x000000013d746750
[0x000000013d70a690] Heap_lock - owner thread: 0x000000011f814600

Heap address: 0x00000007c0000000, size: 1024 MB, Compressed Oops mode: Zero based, Oop shift amount: 3

CDS archive(s) not mapped
Compressed class space mapped at: 0x0000000800000000-0x0000000840000000, reserved size: 1073741824
Narrow klass base: 0x0000000800000000, Narrow klass shift: 0, Narrow klass range: 0x40000000

GC Precious Log:
 CPUs: 8 total, 8 available
 Memory: 16384M
 Large Page Support: Disabled
 NUMA Support: Disabled
 Compressed Oops: Enabled (Zero based)
 Alignments: Space 512K, Generation 512K, Heap 8M
 Heap Min Capacity: 104M
 Heap Initial Capacity: 104M
 Heap Max Capacity: 1G
 Pre-touch: Disabled
 Parallel Workers: 8

Heap:
 PSYoungGen      total 6144K, used 582K [0x00000007eab00000, 0x00000007eb500000, 0x0000000800000000)
  eden space 5120K, 0% used [0x00000007eab00000,0x00000007eab00000,0x00000007eb000000)
  from space 1024K, 56% used [0x00000007eb400000,0x00000007eb491bd0,0x00000007eb500000)
  to   space 2048K, 0% used [0x00000007eb100000,0x00000007eb100000,0x00000007eb300000)
 ParOldGen       total 99328K, used 95951K [0x00000007c0000000, 0x00000007c6100000, 0x00000007eab00000)
  object space 99328K, 96% used [0x00000007c0000000,0x00000007c5db3e30,0x00000007c6100000)
 Metaspace       used 77053K, committed 77952K, reserved 1122304K
  class space    used 7858K, committed 8256K, reserved 1048576K

Card table byte_map: [0x0000000105218000,0x000000010541c000] _byte_map_base: 0x0000000101418000

Marking Bits: (ParMarkBitMap*) 0x0000000106c73b70
 Begin Bits: [0x0000000118c58000, 0x0000000119c58000)
 End Bits:   [0x0000000119c58000, 0x000000011ac58000)

Polling page: 0x0000000100e68000

Metaspace:

Usage:
  Non-class:     67.57 MB used.
      Class:      7.67 MB used.
       Both:     75.25 MB used.

Virtual space:
  Non-class space:       72.00 MB reserved,      68.06 MB ( 95%) committed,  9 nodes.
      Class space:        1.00 GB reserved,       8.06 MB ( <1%) committed,  1 nodes.
             Both:        1.07 GB reserved,      76.12 MB (  7%) committed. 

Chunk freelists:
   Non-Class:  3.53 MB
       Class:  3.77 MB
        Both:  7.30 MB

MaxMetaspaceSize: unlimited
CompressedClassSpaceSize: 1.00 GB
Initial GC threshold: 21.00 MB
Current GC threshold: 126.69 MB
CDS: off
MetaspaceReclaimPolicy: balanced
 - commit_granule_bytes: 65536.
 - commit_granule_words: 8192.
 - virtual_space_node_default_size: 1048576.
 - enlarge_chunks_in_place: 1.
 - new_chunks_are_fully_committed: 0.
 - uncommit_free_chunks: 1.
 - use_allocation_guard: 0.
 - handle_deallocations: 1.


Internal statistics:

num_allocs_failed_limit: 11.
num_arena_births: 542.
num_arena_deaths: 14.
num_vsnodes_births: 10.
num_vsnodes_deaths: 0.
num_space_committed: 1218.
num_space_uncommitted: 0.
num_chunks_returned_to_freelist: 25.
num_chunks_taken_from_freelist: 3539.
num_chunk_merges: 15.
num_chunk_splits: 2259.
num_chunks_enlarged: 1345.
num_purges: 2.
num_inconsistent_stats: 0.

CodeHeap 'non-profiled nmethods': size=120032Kb used=13413Kb max_used=13413Kb free=106618Kb
 bounds [0x0000000111720000, 0x0000000112440000, 0x0000000118c58000]
CodeHeap 'profiled nmethods': size=120016Kb used=28207Kb max_used=28207Kb free=91808Kb
 bounds [0x0000000109c58000, 0x000000010b7f8000, 0x000000011118c000]
CodeHeap 'non-nmethods': size=5712Kb used=1376Kb max_used=1536Kb free=4335Kb
 bounds [0x000000011118c000, 0x00000001113fc000, 0x0000000111720000]
 total_blobs=13149 nmethods=12415 adapters=648
 compilation: enabled
              stopped_count=0, restarted_count=0
 full_count=0

Compilation events (20 events):
Event: 183.737 Thread 0x000000012e010c00 16704       4       org.eclipse.jdt.internal.core.JavaElement::close (9 bytes)
Event: 183.737 Thread 0x000000012e010c00 nmethod 16704 0x0000000112432f90 code [0x0000000112433140, 0x0000000112433250]
Event: 183.818 Thread 0x000000012e011200 16708       3       org.eclipse.jdt.internal.core.builder.BuildNotifier::updateProgress (68 bytes)
Event: 183.818 Thread 0x000000012e011200 nmethod 16708 0x000000010b7e6210 code [0x000000010b7e6400, 0x000000010b7e6768]
Event: 183.818 Thread 0x000000012e011200 16709       3       java.lang.Math::round (56 bytes)
Event: 183.818 Thread 0x000000012e011200 nmethod 16709 0x000000010b7e6890 code [0x000000010b7e6a40, 0x000000010b7e6bd8]
Event: 183.818 Thread 0x000000012e011200 16710       3       org.eclipse.jdt.internal.core.builder.ClasspathDirectory::reset (13 bytes)
Event: 183.818 Thread 0x000000012e011200 nmethod 16710 0x000000010b7e6c90 code [0x000000010b7e6e40, 0x000000010b7e7008]
Event: 183.820 Thread 0x000000012e010c00 16711       4       org.eclipse.jdt.internal.compiler.ast.LocalDeclaration::analyseCode (280 bytes)
Event: 183.824 Thread 0x000000012e011200 16713   !   3       org.eclipse.jdt.internal.core.builder.ClasspathDirectory::cleanup (29 bytes)
Event: 183.824 Thread 0x000000012e011200 nmethod 16713 0x000000010b7e7110 code [0x000000010b7e72c0, 0x000000010b7e7548]
Event: 183.836 Thread 0x000000012e010c00 nmethod 16711 0x0000000112433390 code [0x0000000112433840, 0x0000000112434dc0]
Event: 183.836 Thread 0x000000012e010c00 16712   !   4       org.eclipse.jdt.internal.compiler.util.JrtFileSystem::getClassfileFromModule (122 bytes)
Event: 183.852 Thread 0x000000012e010c00 nmethod 16712 0x0000000112435e90 code [0x0000000112436340, 0x0000000112437b00]
Event: 184.129 Thread 0x000000012e010c00 16714       4       org.eclipse.jdt.internal.compiler.ast.TypeDeclaration::checkConstructors (170 bytes)
Event: 184.133 Thread 0x000000012e010c00 nmethod 16714 0x0000000112438d10 code [0x0000000112438f00, 0x0000000112439350]
Event: 184.276 Thread 0x000000012e011200 16715   !   3       org.eclipse.jdt.internal.compiler.SourceElementParser::parseCompilationUnit (310 bytes)
Event: 184.277 Thread 0x000000012e011200 nmethod 16715 0x000000010b7e7690 code [0x000000010b7e7ac0, 0x000000010b7e9388]
Event: 184.523 Thread 0x000000012e011200 16716       3       org.eclipse.jdt.internal.core.util.HandleFactory::<init> (27 bytes)
Event: 184.523 Thread 0x000000012e011200 nmethod 16716 0x000000010b7ea190 code [0x000000010b7ea380, 0x000000010b7ea648]

GC Heap History (20 events):
Event: 182.952 GC heap after
{Heap after GC invocations=1074 (full 50):
 PSYoungGen      total 7680K, used 900K [0x00000007eab00000, 0x00000007eb500000, 0x0000000800000000)
  eden space 5120K, 0% used [0x00000007eab00000,0x00000007eab00000,0x00000007eb000000)
  from space 2560K, 35% used [0x00000007eb100000,0x00000007eb1e1208,0x00000007eb380000)
  to   space 1536K, 0% used [0x00000007eb380000,0x00000007eb380000,0x00000007eb500000)
 ParOldGen       total 101888K, used 101113K [0x00000007c0000000, 0x00000007c6380000, 0x00000007eab00000)
  object space 101888K, 99% used [0x00000007c0000000,0x00000007c62be558,0x00000007c6380000)
 Metaspace       used 77024K, committed 77888K, reserved 1122304K
  class space    used 7858K, committed 8256K, reserved 1048576K
}
Event: 182.952 GC heap before
{Heap before GC invocations=1075 (full 51):
 PSYoungGen      total 7680K, used 900K [0x00000007eab00000, 0x00000007eb500000, 0x0000000800000000)
  eden space 5120K, 0% used [0x00000007eab00000,0x00000007eab00000,0x00000007eb000000)
  from space 2560K, 35% used [0x00000007eb100000,0x00000007eb1e1208,0x00000007eb380000)
  to   space 1536K, 0% used [0x00000007eb380000,0x00000007eb380000,0x00000007eb500000)
 ParOldGen       total 101888K, used 101113K [0x00000007c0000000, 0x00000007c6380000, 0x00000007eab00000)
  object space 101888K, 99% used [0x00000007c0000000,0x00000007c62be558,0x00000007c6380000)
 Metaspace       used 77024K, committed 77888K, reserved 1122304K
  class space    used 7858K, committed 8256K, reserved 1048576K
}
Event: 183.012 GC heap after
{Heap after GC invocations=1075 (full 51):
 PSYoungGen      total 5632K, used 0K [0x00000007eab00000, 0x00000007eb400000, 0x0000000800000000)
  eden space 5120K, 0% used [0x00000007eab00000,0x00000007eab00000,0x00000007eb000000)
  from space 512K, 0% used [0x00000007eb380000,0x00000007eb380000,0x00000007eb400000)
  to   space 1536K, 0% used [0x00000007eb100000,0x00000007eb100000,0x00000007eb280000)
 ParOldGen       total 99328K, used 78113K [0x00000007c0000000, 0x00000007c6100000, 0x00000007eab00000)
  object space 99328K, 78% used [0x00000007c0000000,0x00000007c4c48750,0x00000007c6100000)
 Metaspace       used 77024K, committed 77888K, reserved 1122304K
  class space    used 7858K, committed 8256K, reserved 1048576K
}
Event: 183.019 GC heap before
{Heap before GC invocations=1076 (full 51):
 PSYoungGen      total 5632K, used 5120K [0x00000007eab00000, 0x00000007eb400000, 0x0000000800000000)
  eden space 5120K, 100% used [0x00000007eab00000,0x00000007eb000000,0x00000007eb000000)
  from space 512K, 0% used [0x00000007eb380000,0x00000007eb380000,0x00000007eb400000)
  to   space 1536K, 0% used [0x00000007eb100000,0x00000007eb100000,0x00000007eb280000)
 ParOldGen       total 99328K, used 78113K [0x00000007c0000000, 0x00000007c6100000, 0x00000007eab00000)
  object space 99328K, 78% used [0x00000007c0000000,0x00000007c4c48750,0x00000007c6100000)
 Metaspace       used 77035K, committed 77952K, reserved 1122304K
  class space    used 7858K, committed 8256K, reserved 1048576K
}
Event: 183.020 GC heap after
{Heap after GC invocations=1076 (full 51):
 PSYoungGen      total 6656K, used 1514K [0x00000007eab00000, 0x00000007eb900000, 0x0000000800000000)
  eden space 5120K, 0% used [0x00000007eab00000,0x00000007eab00000,0x00000007eb000000)
  from space 1536K, 98% used [0x00000007eb100000,0x00000007eb27a9a0,0x00000007eb280000)
  to   space 4608K, 0% used [0x00000007eb480000,0x00000007eb480000,0x00000007eb900000)
 ParOldGen       total 99328K, used 80385K [0x00000007c0000000, 0x00000007c6100000, 0x00000007eab00000)
  object space 99328K, 80% used [0x00000007c0000000,0x00000007c4e80750,0x00000007c6100000)
 Metaspace       used 77035K, committed 77952K, reserved 1122304K
  class space    used 7858K, committed 8256K, reserved 1048576K
}
Event: 183.038 GC heap before
{Heap before GC invocations=1077 (full 51):
 PSYoungGen      total 6656K, used 6634K [0x00000007eab00000, 0x00000007eb900000, 0x0000000800000000)
  eden space 5120K, 100% used [0x00000007eab00000,0x00000007eb000000,0x00000007eb000000)
  from space 1536K, 98% used [0x00000007eb100000,0x00000007eb27a9a0,0x00000007eb280000)
  to   space 4608K, 0% used [0x00000007eb480000,0x00000007eb480000,0x00000007eb900000)
 ParOldGen       total 99328K, used 80385K [0x00000007c0000000, 0x00000007c6100000, 0x00000007eab00000)
  object space 99328K, 80% used [0x00000007c0000000,0x00000007c4e80750,0x00000007c6100000)
 Metaspace       used 77043K, committed 77952K, reserved 1122304K
  class space    used 7858K, committed 8256K, reserved 1048576K
}
Event: 183.038 GC heap after
{Heap after GC invocations=1077 (full 51):
 PSYoungGen      total 5632K, used 499K [0x00000007eab00000, 0x00000007eb500000, 0x0000000800000000)
  eden space 5120K, 0% used [0x00000007eab00000,0x00000007eab00000,0x00000007eb000000)
  from space 512K, 97% used [0x00000007eb480000,0x00000007eb4fcde8,0x00000007eb500000)
  to   space 2048K, 0% used [0x00000007eb100000,0x00000007eb100000,0x00000007eb300000)
 ParOldGen       total 99328K, used 81913K [0x00000007c0000000, 0x00000007c6100000, 0x00000007eab00000)
  object space 99328K, 82% used [0x00000007c0000000,0x00000007c4ffe570,0x00000007c6100000)
 Metaspace       used 77043K, committed 77952K, reserved 1122304K
  class space    used 7858K, committed 8256K, reserved 1048576K
}
Event: 183.099 GC heap before
{Heap before GC invocations=1078 (full 51):
 PSYoungGen      total 5632K, used 5619K [0x00000007eab00000, 0x00000007eb500000, 0x0000000800000000)
  eden space 5120K, 99% used [0x00000007eab00000,0x00000007eafffff8,0x00000007eb000000)
  from space 512K, 97% used [0x00000007eb480000,0x00000007eb4fcde8,0x00000007eb500000)
  to   space 2048K, 0% used [0x00000007eb100000,0x00000007eb100000,0x00000007eb300000)
 ParOldGen       total 99328K, used 81913K [0x00000007c0000000, 0x00000007c6100000, 0x00000007eab00000)
  object space 99328K, 82% used [0x00000007c0000000,0x00000007c4ffe570,0x00000007c6100000)
 Metaspace       used 77043K, committed 77952K, reserved 1122304K
  class space    used 7858K, committed 8256K, reserved 1048576K
}
Event: 183.100 GC heap after
{Heap after GC invocations=1078 (full 51):
 PSYoungGen      total 7168K, used 1267K [0x00000007eab00000, 0x00000007eb500000, 0x0000000800000000)
  eden space 5120K, 0% used [0x00000007eab00000,0x00000007eab00000,0x00000007eb000000)
  from space 2048K, 61% used [0x00000007eb100000,0x00000007eb23cde8,0x00000007eb300000)
  to   space 1536K, 0% used [0x00000007eb380000,0x00000007eb380000,0x00000007eb500000)
 ParOldGen       total 99328K, used 82289K [0x00000007c0000000, 0x00000007c6100000, 0x00000007eab00000)
  object space 99328K, 82% used [0x00000007c0000000,0x00000007c505c7f8,0x00000007c6100000)
 Metaspace       used 77043K, committed 77952K, reserved 1122304K
  class space    used 7858K, committed 8256K, reserved 1048576K
}
Event: 183.717 GC heap before
{Heap before GC invocations=1079 (full 51):
 PSYoungGen      total 7168K, used 6317K [0x00000007eab00000, 0x00000007eb500000, 0x0000000800000000)
  eden space 5120K, 98% used [0x00000007eab00000,0x00000007eafee6e8,0x00000007eb000000)
  from space 2048K, 61% used [0x00000007eb100000,0x00000007eb23cde8,0x00000007eb300000)
  to   space 1536K, 0% used [0x00000007eb380000,0x00000007eb380000,0x00000007eb500000)
 ParOldGen       total 99328K, used 82289K [0x00000007c0000000, 0x00000007c6100000, 0x00000007eab00000)
  object space 99328K, 82% used [0x00000007c0000000,0x00000007c505c7f8,0x00000007c6100000)
 Metaspace       used 77045K, committed 77952K, reserved 1122304K
  class space    used 7858K, committed 8256K, reserved 1048576K
}
Event: 183.718 GC heap after
{Heap after GC invocations=1079 (full 51):
 PSYoungGen      total 6144K, used 675K [0x00000007eab00000, 0x00000007eb480000, 0x0000000800000000)
  eden space 5120K, 0% used [0x00000007eab00000,0x00000007eab00000,0x00000007eb000000)
  from space 1024K, 65% used [0x00000007eb380000,0x00000007eb428d48,0x00000007eb480000)
  to   space 1024K, 0% used [0x00000007eb280000,0x00000007eb280000,0x00000007eb380000)
 ParOldGen       total 99328K, used 83475K [0x00000007c0000000, 0x00000007c6100000, 0x00000007eab00000)
  object space 99328K, 84% used [0x00000007c0000000,0x00000007c5184d38,0x00000007c6100000)
 Metaspace       used 77045K, committed 77952K, reserved 1122304K
  class space    used 7858K, committed 8256K, reserved 1048576K
}
Event: 183.726 GC heap before
{Heap before GC invocations=1080 (full 51):
 PSYoungGen      total 6144K, used 5795K [0x00000007eab00000, 0x00000007eb480000, 0x0000000800000000)
  eden space 5120K, 100% used [0x00000007eab00000,0x00000007eb000000,0x00000007eb000000)
  from space 1024K, 65% used [0x00000007eb380000,0x00000007eb428d48,0x00000007eb480000)
  to   space 1024K, 0% used [0x00000007eb280000,0x00000007eb280000,0x00000007eb380000)
 ParOldGen       total 99328K, used 83475K [0x00000007c0000000, 0x00000007c6100000, 0x00000007eab00000)
  object space 99328K, 84% used [0x00000007c0000000,0x00000007c5184d38,0x00000007c6100000)
 Metaspace       used 77048K, committed 77952K, reserved 1122304K
  class space    used 7858K, committed 8256K, reserved 1048576K
}
Event: 183.729 GC heap after
{Heap after GC invocations=1080 (full 51):
 PSYoungGen      total 6144K, used 995K [0x00000007eab00000, 0x00000007ebb00000, 0x0000000800000000)
  eden space 5120K, 0% used [0x00000007eab00000,0x00000007eab00000,0x00000007eb000000)
  from space 1024K, 97% used [0x00000007eb280000,0x00000007eb378d48,0x00000007eb380000)
  to   space 5632K, 0% used [0x00000007eb580000,0x00000007eb580000,0x00000007ebb00000)
 ParOldGen       total 99328K, used 87308K [0x00000007c0000000, 0x00000007c6100000, 0x00000007eab00000)
  object space 99328K, 87% used [0x00000007c0000000,0x00000007c5543220,0x00000007c6100000)
 Metaspace       used 77048K, committed 77952K, reserved 1122304K
  class space    used 7858K, committed 8256K, reserved 1048576K
}
Event: 183.756 GC heap before
{Heap before GC invocations=1081 (full 51):
 PSYoungGen      total 6144K, used 6115K [0x00000007eab00000, 0x00000007ebb00000, 0x0000000800000000)
  eden space 5120K, 100% used [0x00000007eab00000,0x00000007eb000000,0x00000007eb000000)
  from space 1024K, 97% used [0x00000007eb280000,0x00000007eb378d48,0x00000007eb380000)
  to   space 5632K, 0% used [0x00000007eb580000,0x00000007eb580000,0x00000007ebb00000)
 ParOldGen       total 99328K, used 87308K [0x00000007c0000000, 0x00000007c6100000, 0x00000007eab00000)
  object space 99328K, 87% used [0x00000007c0000000,0x00000007c5543220,0x00000007c6100000)
 Metaspace       used 77048K, committed 77952K, reserved 1122304K
  class space    used 7858K, committed 8256K, reserved 1048576K
}
Event: 183.758 GC heap after
{Heap after GC invocations=1081 (full 51):
 PSYoungGen      total 9728K, used 4562K [0x00000007eab00000, 0x00000007eba00000, 0x0000000800000000)
  eden space 5120K, 0% used [0x00000007eab00000,0x00000007eab00000,0x00000007eb000000)
  from space 4608K, 99% used [0x00000007eb580000,0x00000007eb9f49a0,0x00000007eba00000)
  to   space 5120K, 0% used [0x00000007eb000000,0x00000007eb000000,0x00000007eb500000)
 ParOldGen       total 99328K, used 88337K [0x00000007c0000000, 0x00000007c6100000, 0x00000007eab00000)
  object space 99328K, 88% used [0x00000007c0000000,0x00000007c5644668,0x00000007c6100000)
 Metaspace       used 77048K, committed 77952K, reserved 1122304K
  class space    used 7858K, committed 8256K, reserved 1048576K
}
Event: 183.821 GC heap before
{Heap before GC invocations=1082 (full 51):
 PSYoungGen      total 9728K, used 9682K [0x00000007eab00000, 0x00000007eba00000, 0x0000000800000000)
  eden space 5120K, 100% used [0x00000007eab00000,0x00000007eb000000,0x00000007eb000000)
  from space 4608K, 99% used [0x00000007eb580000,0x00000007eb9f49a0,0x00000007eba00000)
  to   space 5120K, 0% used [0x00000007eb000000,0x00000007eb000000,0x00000007eb500000)
 ParOldGen       total 99328K, used 88337K [0x00000007c0000000, 0x00000007c6100000, 0x00000007eab00000)
  object space 99328K, 88% used [0x00000007c0000000,0x00000007c5644668,0x00000007c6100000)
 Metaspace       used 77050K, committed 77952K, reserved 1122304K
  class space    used 7858K, committed 8256K, reserved 1048576K
}
Event: 183.824 GC heap after
{Heap after GC invocations=1082 (full 51):
 PSYoungGen      total 8704K, used 3264K [0x00000007eab00000, 0x00000007eb800000, 0x0000000800000000)
  eden space 5120K, 0% used [0x00000007eab00000,0x00000007eab00000,0x00000007eb000000)
  from space 3584K, 91% used [0x00000007eb000000,0x00000007eb330010,0x00000007eb380000)
  to   space 4096K, 0% used [0x00000007eb400000,0x00000007eb400000,0x00000007eb800000)
 ParOldGen       total 99328K, used 92812K [0x00000007c0000000, 0x00000007c6100000, 0x00000007eab00000)
  object space 99328K, 93% used [0x00000007c0000000,0x00000007c5aa3008,0x00000007c6100000)
 Metaspace       used 77050K, committed 77952K, reserved 1122304K
  class space    used 7858K, committed 8256K, reserved 1048576K
}
Event: 184.816 GC heap before
{Heap before GC invocations=1083 (full 51):
 PSYoungGen      total 8704K, used 8384K [0x00000007eab00000, 0x00000007eb800000, 0x0000000800000000)
  eden space 5120K, 100% used [0x00000007eab00000,0x00000007eb000000,0x00000007eb000000)
  from space 3584K, 91% used [0x00000007eb000000,0x00000007eb330010,0x00000007eb380000)
  to   space 4096K, 0% used [0x00000007eb400000,0x00000007eb400000,0x00000007eb800000)
 ParOldGen       total 99328K, used 92812K [0x00000007c0000000, 0x00000007c6100000, 0x00000007eab00000)
  object space 99328K, 93% used [0x00000007c0000000,0x00000007c5aa3008,0x00000007c6100000)
 Metaspace       used 77053K, committed 77952K, reserved 1122304K
  class space    used 7858K, committed 8256K, reserved 1048576K
}
Event: 184.819 GC heap after
{Heap after GC invocations=1083 (full 51):
 PSYoungGen      total 6144K, used 582K [0x00000007eab00000, 0x00000007eb500000, 0x0000000800000000)
  eden space 5120K, 0% used [0x00000007eab00000,0x00000007eab00000,0x00000007eb000000)
  from space 1024K, 56% used [0x00000007eb400000,0x00000007eb491bd0,0x00000007eb500000)
  to   space 2048K, 0% used [0x00000007eb100000,0x00000007eb100000,0x00000007eb300000)
 ParOldGen       total 99328K, used 95951K [0x00000007c0000000, 0x00000007c6100000, 0x00000007eab00000)
  object space 99328K, 96% used [0x00000007c0000000,0x00000007c5db3e30,0x00000007c6100000)
 Metaspace       used 77053K, committed 77952K, reserved 1122304K
  class space    used 7858K, committed 8256K, reserved 1048576K
}
Event: 184.819 GC heap before
{Heap before GC invocations=1084 (full 52):
 PSYoungGen      total 6144K, used 582K [0x00000007eab00000, 0x00000007eb500000, 0x0000000800000000)
  eden space 5120K, 0% used [0x00000007eab00000,0x00000007eab00000,0x00000007eb000000)
  from space 1024K, 56% used [0x00000007eb400000,0x00000007eb491bd0,0x00000007eb500000)
  to   space 2048K, 0% used [0x00000007eb100000,0x00000007eb100000,0x00000007eb300000)
 ParOldGen       total 99328K, used 95951K [0x00000007c0000000, 0x00000007c6100000, 0x00000007eab00000)
  object space 99328K, 96% used [0x00000007c0000000,0x00000007c5db3e30,0x00000007c6100000)
 Metaspace       used 77053K, committed 77952K, reserved 1122304K
  class space    used 7858K, committed 8256K, reserved 1048576K
}

Dll operation events (20 events):
Event: 0.799 Loading shared library /System/Library/Java/Extensions/libunixfile_1_0_0.jnilib failed, dlopen(/System/Library/Java/Extensions/libunixfile_1_0_0.jnilib, 0x0001): tried: '/System/Library/Java/Extensions/libunixfile_1_0_0.jnilib' (no such file)
Event: 0.799 Loading shared library /usr/lib/java/libunixfile_1_0_0.dylib failed, dlopen(/usr/lib/java/libunixfile_1_0_0.dylib, 0x0001): tried: '/usr/lib/java/libunixfile_1_0_0.dylib' (no such file)
Event: 0.799 Loading shared library /usr/lib/java/libunixfile_1_0_0.jnilib failed, dlopen(/usr/lib/java/libunixfile_1_0_0.jnilib, 0x0001): tried: '/usr/lib/java/libunixfile_1_0_0.jnilib' (no such file)
Event: 0.799 Loading shared library /Users/hooriyaamjad/Desktop/ENSF338_FinalProject/libunixfile_1_0_0.dylib failed, dlopen(/Users/hooriyaamjad/Desktop/ENSF338_FinalProject/libunixfile_1_0_0.dylib, 0x0001): tried: '/Users/hooriyaamjad/Desktop/ENSF338_FinalProject/libu
Event: 0.799 Loading shared library /Users/hooriyaamjad/Desktop/ENSF338_FinalProject/libunixfile_1_0_0.jnilib failed, dlopen(/Users/hooriyaamjad/Desktop/ENSF338_FinalProject/libunixfile_1_0_0.jnilib, 0x0001): tried: '/Users/hooriyaamjad/Desktop/ENSF338_FinalProject/li
Event: 0.801 Loading shared library /Users/hooriyaamjad/.vscode/extensions/redhat.java-1.16.0-darwin-arm64/jre/17.0.6-macosx-aarch64/lib/liblocalfile_1_0_0.dylib failed, dlopen(/Users/hooriyaamjad/.vscode/extensions/redhat.java-1.16.0-darwin-arm64/jre/17.0.6-macosx-aa
Event: 0.801 Loading shared library /Users/hooriyaamjad/.vscode/extensions/redhat.java-1.16.0-darwin-arm64/jre/17.0.6-macosx-aarch64/lib/liblocalfile_1_0_0.jnilib failed, dlopen(/Users/hooriyaamjad/.vscode/extensions/redhat.java-1.16.0-darwin-arm64/jre/17.0.6-macosx-a
Event: 0.801 Loading shared library /Users/hooriyaamjad/Library/Java/Extensions/liblocalfile_1_0_0.dylib failed, dlopen(/Users/hooriyaamjad/Library/Java/Extensions/liblocalfile_1_0_0.dylib, 0x0001): tried: '/Users/hooriyaamjad/Library/Java/Extensions/liblocalfile_1_0_
Event: 0.801 Loading shared library /Users/hooriyaamjad/Library/Java/Extensions/liblocalfile_1_0_0.jnilib failed, dlopen(/Users/hooriyaamjad/Library/Java/Extensions/liblocalfile_1_0_0.jnilib, 0x0001): tried: '/Users/hooriyaamjad/Library/Java/Extensions/liblocalfile_1_
Event: 0.801 Loading shared library /Library/Java/Extensions/liblocalfile_1_0_0.dylib failed, dlopen(/Library/Java/Extensions/liblocalfile_1_0_0.dylib, 0x0001): tried: '/Library/Java/Extensions/liblocalfile_1_0_0.dylib' (no such file)
Event: 0.801 Loading shared library /Library/Java/Extensions/liblocalfile_1_0_0.jnilib failed, dlopen(/Library/Java/Extensions/liblocalfile_1_0_0.jnilib, 0x0001): tried: '/Library/Java/Extensions/liblocalfile_1_0_0.jnilib' (no such file)
Event: 0.801 Loading shared library /Network/Library/Java/Extensions/liblocalfile_1_0_0.dylib failed, dlopen(/Network/Library/Java/Extensions/liblocalfile_1_0_0.dylib, 0x0001): tried: '/Network/Library/Java/Extensions/liblocalfile_1_0_0.dylib' (no such file)
Event: 0.801 Loading shared library /Network/Library/Java/Extensions/liblocalfile_1_0_0.jnilib failed, dlopen(/Network/Library/Java/Extensions/liblocalfile_1_0_0.jnilib, 0x0001): tried: '/Network/Library/Java/Extensions/liblocalfile_1_0_0.jnilib' (no such file)
Event: 0.801 Loading shared library /System/Library/Java/Extensions/liblocalfile_1_0_0.dylib failed, dlopen(/System/Library/Java/Extensions/liblocalfile_1_0_0.dylib, 0x0001): tried: '/System/Library/Java/Extensions/liblocalfile_1_0_0.dylib' (no such file)
Event: 0.801 Loading shared library /System/Library/Java/Extensions/liblocalfile_1_0_0.jnilib failed, dlopen(/System/Library/Java/Extensions/liblocalfile_1_0_0.jnilib, 0x0001): tried: '/System/Library/Java/Extensions/liblocalfile_1_0_0.jnilib' (no such file)
Event: 0.801 Loading shared library /usr/lib/java/liblocalfile_1_0_0.dylib failed, dlopen(/usr/lib/java/liblocalfile_1_0_0.dylib, 0x0001): tried: '/usr/lib/java/liblocalfile_1_0_0.dylib' (no such file)
Event: 0.801 Loading shared library /usr/lib/java/liblocalfile_1_0_0.jnilib failed, dlopen(/usr/lib/java/liblocalfile_1_0_0.jnilib, 0x0001): tried: '/usr/lib/java/liblocalfile_1_0_0.jnilib' (no such file)
Event: 0.801 Loading shared library /Users/hooriyaamjad/Desktop/ENSF338_FinalProject/liblocalfile_1_0_0.dylib failed, dlopen(/Users/hooriyaamjad/Desktop/ENSF338_FinalProject/liblocalfile_1_0_0.dylib, 0x0001): tried: '/Users/hooriyaamjad/Desktop/ENSF338_FinalProject/li
Event: 0.801 Loading shared library /Users/hooriyaamjad/Desktop/ENSF338_FinalProject/liblocalfile_1_0_0.jnilib failed, dlopen(/Users/hooriyaamjad/Desktop/ENSF338_FinalProject/liblocalfile_1_0_0.jnilib, 0x0001): tried: '/Users/hooriyaamjad/Desktop/ENSF338_FinalProject/
Event: 1.838 Loaded shared library /Users/hooriyaamjad/.vscode/extensions/redhat.java-1.16.0-darwin-arm64/jre/17.0.6-macosx-aarch64/lib/libextnet.dylib

Deoptimization events (20 events):
Event: 162.167 Thread 0x000000011dcf0400 Uncommon trap: trap_request=0xffffff3d fr.pc=0x00000001123a1984 relative=0x00000000000002c4
Event: 162.167 Thread 0x000000011dcf0400 Uncommon trap: reason=unstable_fused_if action=reinterpret pc=0x00000001123a1984 method=org.eclipse.jdt.internal.compiler.problem.ProblemReporter.computeSeverity(I)I @ 1 c2
Event: 162.167 Thread 0x000000011dcf0400 DEOPT PACKING pc=0x00000001123a1984 sp=0x0000000174481410
Event: 162.167 Thread 0x000000011dcf0400 DEOPT UNPACKING pc=0x00000001111d391c sp=0x0000000174481390 mode 2
Event: 162.706 Thread 0x0000000129bfec00 DEOPT PACKING pc=0x000000010b33a374 sp=0x0000000174069680
Event: 162.706 Thread 0x0000000129bfec00 DEOPT UNPACKING pc=0x00000001111d377c sp=0x00000001740693a0 mode 0
Event: 162.951 Thread 0x000000011dcf0400 Uncommon trap: trap_request=0xffffff45 fr.pc=0x0000000111d2f8c8 relative=0x0000000000000488
Event: 162.951 Thread 0x000000011dcf0400 Uncommon trap: reason=unstable_if action=reinterpret pc=0x0000000111d2f8c8 method=org.eclipse.jdt.core.compiler.CharOperation.prefixEquals([C[CZI)Z @ 10 c2
Event: 162.951 Thread 0x000000011dcf0400 DEOPT PACKING pc=0x0000000111d2f8c8 sp=0x0000000174481a20
Event: 162.951 Thread 0x000000011dcf0400 DEOPT UNPACKING pc=0x00000001111d391c sp=0x00000001744819a0 mode 2
Event: 162.951 Thread 0x000000013da4ae00 Uncommon trap: trap_request=0xffffff45 fr.pc=0x00000001121852c0 relative=0x0000000000000300
Event: 162.951 Thread 0x000000013da4ae00 Uncommon trap: reason=unstable_if action=reinterpret pc=0x00000001121852c0 method=java.util.concurrent.ForkJoinPool.scan(Ljava/util/concurrent/ForkJoinPool$WorkQueue;II)I @ 132 c2
Event: 162.951 Thread 0x000000013da4ae00 DEOPT PACKING pc=0x00000001121852c0 sp=0x0000000174cb28b0
Event: 162.951 Thread 0x000000013da4ae00 DEOPT UNPACKING pc=0x00000001111d391c sp=0x0000000174cb2810 mode 2
Event: 169.646 Thread 0x000000011f814600 DEOPT PACKING pc=0x000000010b2cba6c sp=0x0000000174ebd5f0
Event: 169.646 Thread 0x000000011f814600 DEOPT UNPACKING pc=0x00000001111d377c sp=0x0000000174ebd320 mode 0
Event: 178.782 Thread 0x000000012da4f800 Uncommon trap: trap_request=0xffffff45 fr.pc=0x0000000112246b1c relative=0x000000000000135c
Event: 178.782 Thread 0x000000012da4f800 Uncommon trap: reason=unstable_if action=reinterpret pc=0x0000000112246b1c method=org.eclipse.osgi.internal.log.EquinoxLogWriter.appendPaddedInt(IILjava/lang/StringBuilder;)Ljava/lang/StringBuilder; @ 65 c2
Event: 178.782 Thread 0x000000012da4f800 DEOPT PACKING pc=0x0000000112246b1c sp=0x00000001738395f0
Event: 178.782 Thread 0x000000012da4f800 DEOPT UNPACKING pc=0x00000001111d391c sp=0x0000000173839590 mode 2

Classes unloaded (7 events):
Event: 0.779 Thread 0x000000013d746750 Unloading class 0x000000080021a000 'java/lang/invoke/LambdaForm$MH+0x000000080021a000'
Event: 0.779 Thread 0x000000013d746750 Unloading class 0x0000000800219c00 'java/lang/invoke/LambdaForm$MH+0x0000000800219c00'
Event: 0.779 Thread 0x000000013d746750 Unloading class 0x0000000800219800 'java/lang/invoke/LambdaForm$MH+0x0000000800219800'
Event: 0.779 Thread 0x000000013d746750 Unloading class 0x0000000800219000 'java/lang/invoke/LambdaForm$MH+0x0000000800219000'
Event: 0.779 Thread 0x000000013d746750 Unloading class 0x0000000800218c00 'java/lang/invoke/LambdaForm$BMH+0x0000000800218c00'
Event: 0.779 Thread 0x000000013d746750 Unloading class 0x0000000800218800 'java/lang/invoke/LambdaForm$DMH+0x0000000800218800'
Event: 0.779 Thread 0x000000013d746750 Unloading class 0x0000000800216000 'java/lang/invoke/LambdaForm$DMH+0x0000000800216000'

Classes redefined (0 events):
No events

Internal exceptions (20 events):
Event: 161.406 Thread 0x000000012d9a2800 Exception <a 'sun/nio/fs/UnixException'{0x00000007ead79d80}> (0x00000007ead79d80) 
thrown [src/hotspot/share/prims/jni.cpp, line 516]
Event: 161.467 Thread 0x000000012d9a2800 Exception <a 'sun/nio/fs/UnixException'{0x00000007eabe9910}> (0x00000007eabe9910) 
thrown [src/hotspot/share/prims/jni.cpp, line 516]
Event: 161.811 Thread 0x000000011d84b400 Implicit null exception at 0x0000000111c3a570 to 0x0000000111c3a778
Event: 161.821 Thread 0x000000011d84b400 Exception <a 'java/lang/NoSuchMethodError'{0x00000007eadf86a0}: 'java.lang.Object java.lang.invoke.DirectMethodHandle$Holder.newInvokeSpecial(java.lang.Object, java.lang.Object, java.lang.Object, java.lang.Object, java.lang.Object, java.lang.Object, java.lang.Object, java.lang.Object)'> (0x00000007eadf86a0) 
thrown [src/hotspot/share/interpreter/linkResolver.cpp, line 759]
Event: 161.821 Thread 0x000000011d84b400 Exception <a 'java/lang/NoSuchMethodError'{0x00000007eadff3f0}: 'java.lang.Object java.lang.invoke.DirectMethodHandle$Holder.invokeSpecial(java.lang.Object, java.lang.Object, java.lang.Object, java.lang.Object, java.lang.Object, java.lang.Object, java.lang.Object, java.lang.Object, java.lang.Object)'> (0x00000007eadff3f0) 
thrown [src/hotspot/share/interpreter/linkResolver.cpp, line 759]
Event: 161.821 Thread 0x000000011d84b400 Exception <a 'java/lang/NoSuchMethodError'{0x00000007eae06f30}: 'java.lang.Object java.lang.invoke.Invokers$Holder.linkToTargetMethod(java.lang.Object, java.lang.Object, java.lang.Object, java.lang.Object, java.lang.Object, java.lang.Object, java.lang.Object, java.lang.Object)'> (0x00000007eae06f30) 
thrown [src/hotspot/share/interpreter/linkResolver.cpp, line 759]
Event: 163.407 Thread 0x000000012d9a2800 Exception <a 'sun/nio/fs/UnixException'{0x00000007eab13fd8}> (0x00000007eab13fd8) 
thrown [src/hotspot/share/prims/jni.cpp, line 516]
Event: 163.511 Thread 0x000000012d9a2800 Exception <a 'sun/nio/fs/UnixException'{0x00000007eab9aca8}> (0x00000007eab9aca8) 
thrown [src/hotspot/share/prims/jni.cpp, line 516]
Event: 167.341 Thread 0x000000012d9a2800 Exception <a 'sun/nio/fs/UnixException'{0x00000007eabac8a8}> (0x00000007eabac8a8) 
thrown [src/hotspot/share/prims/jni.cpp, line 516]
Event: 167.453 Thread 0x000000012d9a2800 Exception <a 'sun/nio/fs/UnixException'{0x00000007eab67ed0}> (0x00000007eab67ed0) 
thrown [src/hotspot/share/prims/jni.cpp, line 516]
Event: 169.420 Thread 0x000000012d9a2800 Exception <a 'sun/nio/fs/UnixException'{0x00000007eace98f0}> (0x00000007eace98f0) 
thrown [src/hotspot/share/prims/jni.cpp, line 516]
Event: 169.532 Thread 0x000000012d9a2800 Exception <a 'sun/nio/fs/UnixException'{0x00000007eab73900}> (0x00000007eab73900) 
thrown [src/hotspot/share/prims/jni.cpp, line 516]
Event: 171.353 Thread 0x000000012d9a2800 Exception <a 'sun/nio/fs/UnixException'{0x00000007eabb1490}> (0x00000007eabb1490) 
thrown [src/hotspot/share/prims/jni.cpp, line 516]
Event: 171.466 Thread 0x000000012d9a2800 Exception <a 'sun/nio/fs/UnixException'{0x00000007eab262a8}> (0x00000007eab262a8) 
thrown [src/hotspot/share/prims/jni.cpp, line 516]
Event: 173.335 Thread 0x000000012d9a2800 Exception <a 'sun/nio/fs/UnixException'{0x00000007ead5b748}> (0x00000007ead5b748) 
thrown [src/hotspot/share/prims/jni.cpp, line 516]
Event: 173.390 Thread 0x000000012d9a2800 Exception <a 'sun/nio/fs/UnixException'{0x00000007eadfcb88}> (0x00000007eadfcb88) 
thrown [src/hotspot/share/prims/jni.cpp, line 516]
Event: 181.162 Thread 0x000000012d9a2800 Exception <a 'sun/nio/fs/UnixException'{0x00000007eaec3b60}> (0x00000007eaec3b60) 
thrown [src/hotspot/share/prims/jni.cpp, line 516]
Event: 181.216 Thread 0x000000012d9a2800 Exception <a 'sun/nio/fs/UnixException'{0x00000007eac50f60}> (0x00000007eac50f60) 
thrown [src/hotspot/share/prims/jni.cpp, line 516]
Event: 183.717 Thread 0x000000012d9a2800 Exception <a 'sun/nio/fs/UnixException'{0x00000007eaf18198}> (0x00000007eaf18198) 
thrown [src/hotspot/share/prims/jni.cpp, line 516]
Event: 183.771 Thread 0x000000012d9a2800 Exception <a 'sun/nio/fs/UnixException'{0x00000007eaddbd10}> (0x00000007eaddbd10) 
thrown [src/hotspot/share/prims/jni.cpp, line 516]

VM Operations (20 events):
Event: 181.956 Executing VM operation: ParallelGCFailedAllocation done
Event: 181.967 Executing VM operation: ParallelGCFailedAllocation
Event: 181.969 Executing VM operation: ParallelGCFailedAllocation done
Event: 182.950 Executing VM operation: ParallelGCFailedAllocation
Event: 183.012 Executing VM operation: ParallelGCFailedAllocation done
Event: 183.019 Executing VM operation: ParallelGCFailedAllocation
Event: 183.020 Executing VM operation: ParallelGCFailedAllocation done
Event: 183.037 Executing VM operation: ParallelGCFailedAllocation
Event: 183.038 Executing VM operation: ParallelGCFailedAllocation done
Event: 183.099 Executing VM operation: ParallelGCFailedAllocation
Event: 183.100 Executing VM operation: ParallelGCFailedAllocation done
Event: 183.717 Executing VM operation: ParallelGCFailedAllocation
Event: 183.718 Executing VM operation: ParallelGCFailedAllocation done
Event: 183.726 Executing VM operation: ParallelGCFailedAllocation
Event: 183.729 Executing VM operation: ParallelGCFailedAllocation done
Event: 183.756 Executing VM operation: ParallelGCFailedAllocation
Event: 183.758 Executing VM operation: ParallelGCFailedAllocation done
Event: 183.821 Executing VM operation: ParallelGCFailedAllocation
Event: 183.824 Executing VM operation: ParallelGCFailedAllocation done
Event: 184.816 Executing VM operation: ParallelGCFailedAllocation

Events (20 events):
Event: 169.545 Thread 0x000000012df32800 Thread added: 0x000000012df32800
Event: 169.545 Protecting memory [0x0000000174074000,0x0000000174080000] with protection modes 0
Event: 169.548 Protecting memory [0x0000000174074000,0x0000000174080000] with protection modes 3
Event: 169.548 Thread 0x000000012df32800 Thread exited: 0x000000012df32800
Event: 171.556 Thread 0x000000011dca4400 Thread added: 0x000000011dca4400
Event: 171.556 Protecting memory [0x0000000174074000,0x0000000174080000] with protection modes 0
Event: 171.559 Protecting memory [0x0000000174074000,0x0000000174080000] with protection modes 3
Event: 171.559 Thread 0x000000011dca4400 Thread exited: 0x000000011dca4400
Event: 173.568 Thread 0x000000011db9b600 Thread added: 0x000000011db9b600
Event: 173.568 Protecting memory [0x0000000174074000,0x0000000174080000] with protection modes 0
Event: 173.570 Protecting memory [0x0000000174074000,0x0000000174080000] with protection modes 3
Event: 173.570 Thread 0x000000011db9b600 Thread exited: 0x000000011db9b600
Event: 181.267 Thread 0x0000000129e84200 Thread added: 0x0000000129e84200
Event: 181.267 Protecting memory [0x0000000174074000,0x0000000174080000] with protection modes 0
Event: 181.269 Protecting memory [0x0000000174074000,0x0000000174080000] with protection modes 3
Event: 181.269 Thread 0x0000000129e84200 Thread exited: 0x0000000129e84200
Event: 183.819 Thread 0x000000012db00600 Thread added: 0x000000012db00600
Event: 183.819 Protecting memory [0x0000000174074000,0x0000000174080000] with protection modes 0
Event: 183.821 Protecting memory [0x0000000174074000,0x0000000174080000] with protection modes 3
Event: 183.821 Thread 0x000000012db00600 Thread exited: 0x000000012db00600


Dynamic libraries:
0x0000000100e2c000 	/Users/hooriyaamjad/.vscode/extensions/redhat.java-1.16.0-darwin-arm64/jre/17.0.6-macosx-aarch64/lib/libjli.dylib
0x000000019b8ba000 	/usr/lib/libz.1.dylib
0x000000019b971000 	/usr/lib/libSystem.B.dylib
0x000000019b96b000 	/usr/lib/system/libcache.dylib
0x000000019b929000 	/usr/lib/system/libcommonCrypto.dylib
0x000000019b952000 	/usr/lib/system/libcompiler_rt.dylib
0x000000019b949000 	/usr/lib/system/libcopyfile.dylib
0x0000000190b97000 	/usr/lib/system/libcorecrypto.dylib
0x0000000190c4c000 	/usr/lib/system/libdispatch.dylib
0x0000000190e1a000 	/usr/lib/system/libdyld.dylib
0x000000019b961000 	/usr/lib/system/libkeymgr.dylib
0x000000019b904000 	/usr/lib/system/libmacho.dylib
0x000000019aff4000 	/usr/lib/system/libquarantine.dylib
0x000000019b95e000 	/usr/lib/system/libremovefile.dylib
0x0000000195f90000 	/usr/lib/system/libsystem_asl.dylib
0x0000000190b39000 	/usr/lib/system/libsystem_blocks.dylib
0x0000000190cd4000 	/usr/lib/system/libsystem_c.dylib
0x000000019b956000 	/usr/lib/system/libsystem_collections.dylib
0x000000019a489000 	/usr/lib/system/libsystem_configuration.dylib
0x00000001996e5000 	/usr/lib/system/libsystem_containermanager.dylib
0x000000019b661000 	/usr/lib/system/libsystem_coreservices.dylib
0x000000019354a000 	/usr/lib/system/libsystem_darwin.dylib
0x000000019b962000 	/usr/lib/system/libsystem_dnssd.dylib
0x0000000190cd1000 	/usr/lib/system/libsystem_featureflags.dylib
0x0000000190e2f000 	/usr/lib/system/libsystem_info.dylib
0x000000019b8cc000 	/usr/lib/system/libsystem_m.dylib
0x0000000190c21000 	/usr/lib/system/libsystem_malloc.dylib
0x0000000195f1e000 	/usr/lib/system/libsystem_networkextension.dylib
0x00000001939a3000 	/usr/lib/system/libsystem_notify.dylib
0x00000001a1cc4000 	/usr/lib/system/libsystem_product_info_filter.dylib
0x000000019a48e000 	/usr/lib/system/libsystem_sandbox.dylib
0x000000019b95b000 	/usr/lib/system/libsystem_secinit.dylib
0x0000000190dd5000 	/usr/lib/system/libsystem_kernel.dylib
0x0000000190e27000 	/usr/lib/system/libsystem_platform.dylib
0x0000000190e0d000 	/usr/lib/system/libsystem_pthread.dylib
0x00000001976f0000 	/usr/lib/system/libsystem_symptoms.dylib
0x0000000190b7d000 	/usr/lib/system/libsystem_trace.dylib
0x000000019b936000 	/usr/lib/system/libunwind.dylib
0x0000000190b3b000 	/usr/lib/system/libxpc.dylib
0x0000000190dbd000 	/usr/lib/libc++abi.dylib
0x0000000190c93000 	/usr/lib/libobjc.A.dylib
0x000000019b941000 	/usr/lib/liboah.dylib
0x0000000190d56000 	/usr/lib/libc++.1.dylib
0x00000001a77ea000 	/System/Library/Frameworks/Cocoa.framework/Versions/A/Cocoa
0x0000000193a04000 	/System/Library/Frameworks/AppKit.framework/Versions/C/AppKit
0x0000000196f17000 	/System/Library/Frameworks/CoreData.framework/Versions/A/CoreData
0x0000000191d5f000 	/System/Library/Frameworks/Foundation.framework/Versions/C/Foundation
0x00000001948bc000 	/System/Library/PrivateFrameworks/UIFoundation.framework/Versions/A/UIFoundation
0x00000001a19be000 	/System/Library/PrivateFrameworks/RemoteViewServices.framework/Versions/A/RemoteViewServices
0x0000000199e31000 	/System/Library/PrivateFrameworks/XCTTargetBootstrap.framework/Versions/A/XCTTargetBootstrap
0x000000019d6b1000 	/System/Library/PrivateFrameworks/InternationalSupport.framework/Versions/A/InternationalSupport
0x000000019d73a000 	/System/Library/PrivateFrameworks/UserActivity.framework/Versions/A/UserActivity
0x000000019cba8000 	/usr/lib/libspindump.dylib
0x0000000194b2d000 	/System/Library/Frameworks/UniformTypeIdentifiers.framework/Versions/A/UniformTypeIdentifiers
0x000000019837b000 	/usr/lib/libapp_launch_measurement.dylib
0x00000001978a2000 	/System/Library/PrivateFrameworks/CoreAnalytics.framework/Versions/A/CoreAnalytics
0x000000019837e000 	/System/Library/PrivateFrameworks/CoreAutoLayout.framework/Versions/A/CoreAutoLayout
0x0000000199722000 	/System/Library/Frameworks/Metal.framework/Versions/A/Metal
0x000000019a499000 	/usr/lib/liblangid.dylib
0x0000000199e36000 	/System/Library/PrivateFrameworks/CoreSVG.framework/Versions/A/CoreSVG
0x0000000195fc4000 	/System/Library/PrivateFrameworks/SkyLight.framework/Versions/A/SkyLight
0x000000019639d000 	/System/Library/Frameworks/CoreGraphics.framework/Versions/A/CoreGraphics
0x00000001a208a000 	/System/Library/Frameworks/Accelerate.framework/Versions/A/Accelerate
0x000000019c61f000 	/System/Library/PrivateFrameworks/IconServices.framework/Versions/A/IconServices
0x0000000199704000 	/System/Library/Frameworks/IOSurface.framework/Versions/A/IOSurface
0x00000001978d3000 	/usr/lib/libDiagnosticMessagesClient.dylib
0x00000001a558b000 	/System/Library/Frameworks/ApplicationServices.framework/Versions/A/ApplicationServices
0x0000000199e19000 	/System/Library/PrivateFrameworks/DFRFoundation.framework/Versions/A/DFRFoundation
0x0000000193294000 	/usr/lib/libicucore.A.dylib
0x000000019e55e000 	/System/Library/Frameworks/AudioToolbox.framework/Versions/A/AudioToolbox
0x000000019d6bd000 	/System/Library/PrivateFrameworks/DataDetectorsCore.framework/Versions/A/DataDetectorsCore
0x00000001b40b7000 	/System/Library/PrivateFrameworks/TextInput.framework/Versions/A/TextInput
0x0000000195f39000 	/usr/lib/libMobileGestalt.dylib
0x0000000199ae5000 	/System/Library/Frameworks/Carbon.framework/Versions/A/Frameworks/HIToolbox.framework/Versions/A/HIToolbox
0x0000000197d53000 	/System/Library/Frameworks/QuartzCore.framework/Versions/A/QuartzCore
0x0000000192f15000 	/System/Library/Frameworks/Security.framework/Versions/A/Security
0x00000001a19fe000 	/System/Library/Frameworks/Carbon.framework/Versions/A/Frameworks/SpeechRecognition.framework/Versions/A/SpeechRecognition
0x00000001980d1000 	/System/Library/PrivateFrameworks/CoreUI.framework/Versions/A/CoreUI
0x00000001927f1000 	/System/Library/Frameworks/CoreAudio.framework/Versions/A/CoreAudio
0x00000001979c7000 	/System/Library/Frameworks/DiskArbitration.framework/Versions/A/DiskArbitration
0x000000019cfb2000 	/System/Library/PrivateFrameworks/MultitouchSupport.framework/Versions/A/MultitouchSupport
0x0000000195f37000 	/usr/lib/libenergytrace.dylib
0x00000001938cc000 	/System/Library/Frameworks/IOKit.framework/Versions/A/IOKit
0x00000001a1ded000 	/System/Library/Frameworks/CoreServices.framework/Versions/A/CoreServices
0x000000019830b000 	/System/Library/PrivateFrameworks/PerformanceAnalysis.framework/Versions/A/PerformanceAnalysis
0x00000001f24ef000 	/System/Library/Frameworks/OpenGL.framework/Versions/A/OpenGL
0x000000019af0c000 	/System/Library/PrivateFrameworks/MobileKeyBag.framework/Versions/A/MobileKeyBag
0x00000001969ab000 	/System/Library/Frameworks/ColorSync.framework/Versions/A/ColorSync
0x0000000190e5c000 	/System/Library/Frameworks/CoreFoundation.framework/Versions/A/CoreFoundation
0x000000019a0b5000 	/System/Library/Frameworks/CoreImage.framework/Versions/A/CoreImage
0x0000000192615000 	/System/Library/Frameworks/CoreText.framework/Versions/A/CoreText
0x0000000199e66000 	/System/Library/Frameworks/ImageIO.framework/Versions/A/ImageIO
0x000000019b977000 	/System/Library/PrivateFrameworks/SoftLinking.framework/Versions/A/SoftLinking
0x00000001983c9000 	/usr/lib/libxml2.2.dylib
0x000000019bc10000 	/usr/lib/libcompression.dylib
0x000000019d60d000 	/System/Library/PrivateFrameworks/TextureIO.framework/Versions/A/TextureIO
0x000000019c338000 	/usr/lib/libate.dylib
0x000000019c1fd000 	/usr/lib/liblzma.5.dylib
0x0000000191a52000 	/System/Library/Frameworks/SystemConfiguration.framework/Versions/A/SystemConfiguration
0x000000019b973000 	/usr/lib/libfakelink.dylib
0x0000000195a69000 	/System/Library/Frameworks/CFNetwork.framework/Versions/A/CFNetwork
0x000000019bab9000 	/usr/lib/libarchive.2.dylib
0x000000019a495000 	/System/Library/PrivateFrameworks/AppleSystemInfo.framework/Versions/A/AppleSystemInfo
0x000000019b01f000 	/usr/lib/libbsm.0.dylib
0x0000000194fd6000 	/usr/lib/libnetwork.dylib
0x000000019b90d000 	/usr/lib/system/libkxld.dylib
0x000000019ac39000 	/System/Library/PrivateFrameworks/IOMobileFramebuffer.framework/Versions/A/IOMobileFramebuffer
0x00000002101b8000 	/usr/lib/libCoreEntitlements.dylib
0x000000019b643000 	/System/Library/PrivateFrameworks/AppleFSCompression.framework/Versions/A/AppleFSCompression
0x000000019b007000 	/usr/lib/libcoretls.dylib
0x000000019c216000 	/usr/lib/libcoretls_cfhelpers.dylib
0x000000019bc0b000 	/usr/lib/libpam.2.dylib
0x0000000197307000 	/usr/lib/libsqlite3.dylib
0x000000019c27f000 	/usr/lib/libxar.1.dylib
0x000000019b654000 	/usr/lib/libbz2.1.0.dylib
0x000000019b978000 	/usr/lib/libpcap.A.dylib
0x00000001976e7000 	/usr/lib/libdns_services.dylib
0x000000019bbde000 	/usr/lib/libapple_nghttp2.dylib
0x000000019b9b5000 	/usr/lib/libiconv.2.dylib
0x000000019b903000 	/usr/lib/libcharset.1.dylib
0x0000000198347000 	/System/Library/Frameworks/CoreServices.framework/Versions/A/Frameworks/FSEvents.framework/Versions/A/FSEvents
0x0000000193555000 	/System/Library/Frameworks/CoreServices.framework/Versions/A/Frameworks/CarbonCore.framework/Versions/A/CarbonCore
0x0000000197927000 	/System/Library/Frameworks/CoreServices.framework/Versions/A/Frameworks/Metadata.framework/Versions/A/Metadata
0x000000019b667000 	/System/Library/Frameworks/CoreServices.framework/Versions/A/Frameworks/OSServices.framework/Versions/A/OSServices
0x000000019bb3f000 	/System/Library/Frameworks/CoreServices.framework/Versions/A/Frameworks/SearchKit.framework/Versions/A/SearchKit
0x0000000197676000 	/System/Library/Frameworks/CoreServices.framework/Versions/A/Frameworks/AE.framework/Versions/A/AE
0x00000001913a3000 	/System/Library/Frameworks/CoreServices.framework/Versions/A/Frameworks/LaunchServices.framework/Versions/A/LaunchServices
0x000000019c1a6000 	/System/Library/Frameworks/CoreServices.framework/Versions/A/Frameworks/DictionaryServices.framework/Versions/A/DictionaryServices
0x0000000198354000 	/System/Library/Frameworks/CoreServices.framework/Versions/A/Frameworks/SharedFileList.framework/Versions/A/SharedFileList
0x000000019aff7000 	/usr/lib/libCheckFix.dylib
0x0000000195fa8000 	/System/Library/PrivateFrameworks/TCC.framework/Versions/A/TCC
0x000000019a49b000 	/System/Library/PrivateFrameworks/CoreNLP.framework/Versions/A/CoreNLP
0x00000001978d6000 	/System/Library/PrivateFrameworks/MetadataUtilities.framework/Versions/A/MetadataUtilities
0x0000000191b0c000 	/usr/lib/libmecabra.dylib
0x000000019b030000 	/usr/lib/libmecab.dylib
0x0000000191ad8000 	/usr/lib/libCRFSuite.dylib
0x000000019b08d000 	/usr/lib/libgermantok.dylib
0x000000019bbb7000 	/usr/lib/libThaiTokenizer.dylib
0x00000001979cf000 	/System/Library/Frameworks/Accelerate.framework/Versions/A/Frameworks/vImage.framework/Versions/A/vImage
0x00000001a1dc4000 	/System/Library/Frameworks/Accelerate.framework/Versions/A/Frameworks/vecLib.framework/Versions/A/vecLib
0x000000019c2c4000 	/System/Library/Frameworks/Accelerate.framework/Versions/A/Frameworks/vecLib.framework/Versions/A/libvMisc.dylib
0x000000019ab40000 	/System/Library/Frameworks/Accelerate.framework/Versions/A/Frameworks/vecLib.framework/Versions/A/libvDSP.dylib
0x000000019172d000 	/System/Library/Frameworks/Accelerate.framework/Versions/A/Frameworks/vecLib.framework/Versions/A/libBLAS.dylib
0x000000019bce1000 	/System/Library/Frameworks/Accelerate.framework/Versions/A/Frameworks/vecLib.framework/Versions/A/libLAPACK.dylib
0x000000019b090000 	/System/Library/Frameworks/Accelerate.framework/Versions/A/Frameworks/vecLib.framework/Versions/A/libLinearAlgebra.dylib
0x000000019bbf6000 	/System/Library/Frameworks/Accelerate.framework/Versions/A/Frameworks/vecLib.framework/Versions/A/libSparseBLAS.dylib
0x000000019bcdc000 	/System/Library/Frameworks/Accelerate.framework/Versions/A/Frameworks/vecLib.framework/Versions/A/libQuadrature.dylib
0x000000019a594000 	/System/Library/Frameworks/Accelerate.framework/Versions/A/Frameworks/vecLib.framework/Versions/A/libBNNS.dylib
0x00000001919eb000 	/System/Library/Frameworks/Accelerate.framework/Versions/A/Frameworks/vecLib.framework/Versions/A/libSparse.dylib
0x000000019a58c000 	/System/Library/PrivateFrameworks/LinguisticData.framework/Versions/A/LinguisticData
0x00000001919a3000 	/System/Library/PrivateFrameworks/Lexicon.framework/Versions/A/Lexicon
0x000000019c2bc000 	/usr/lib/libChineseTokenizer.dylib
0x0000000192151000 	/System/Library/PrivateFrameworks/LanguageModeling.framework/Versions/A/LanguageModeling
0x000000019bbb9000 	/System/Library/PrivateFrameworks/AppleSauce.framework/Versions/A/AppleSauce
0x000000019ac26000 	/System/Library/PrivateFrameworks/CoreEmoji.framework/Versions/A/CoreEmoji
0x000000019baa7000 	/usr/lib/libcmph.dylib
0x0000000198327000 	/System/Library/Frameworks/OpenDirectory.framework/Versions/A/Frameworks/CFOpenDirectory.framework/Versions/A/CFOpenDirectory
0x0000000198317000 	/System/Library/Frameworks/OpenDirectory.framework/Versions/A/OpenDirectory
0x000000019c218000 	/System/Library/PrivateFrameworks/APFS.framework/Versions/A/APFS
0x000000019af47000 	/System/Library/Frameworks/SecurityFoundation.framework/Versions/A/SecurityFoundation
0x000000019c28e000 	/usr/lib/libutil.dylib
0x000000019388e000 	/System/Library/PrivateFrameworks/CoreServicesStore.framework/Versions/A/CoreServicesStore
0x000000019c292000 	/usr/lib/libxslt.1.dylib
0x000000019afdb000 	/System/Library/PrivateFrameworks/BackgroundTaskManagement.framework/Versions/A/BackgroundTaskManagement
0x000000019d52e000 	/System/Library/Frameworks/ImageIO.framework/Versions/A/Resources/libRadiance.dylib
0x000000019d537000 	/System/Library/Frameworks/ImageIO.framework/Versions/A/Resources/libJPEG.dylib
0x000000019d48a000 	/System/Library/Frameworks/ImageIO.framework/Versions/A/Resources/libPng.dylib
0x000000019d4ac000 	/System/Library/Frameworks/ImageIO.framework/Versions/A/Resources/libTIFF.dylib
0x000000019d592000 	/System/Library/Frameworks/ImageIO.framework/Versions/A/Resources/libGIF.dylib
0x000000019cec2000 	/System/Library/Frameworks/ImageIO.framework/Versions/A/Resources/libJP2.dylib
0x000000019c5e4000 	/usr/lib/libexpat.1.dylib
0x000000019ce7d000 	/System/Library/PrivateFrameworks/AppleJPEG.framework/Versions/A/AppleJPEG
0x00000001999a1000 	/System/Library/PrivateFrameworks/FontServices.framework/libFontParser.dylib
0x000000019761b000 	/System/Library/PrivateFrameworks/RunningBoardServices.framework/Versions/A/RunningBoardServices
0x00000001a7ec0000 	/System/Library/PrivateFrameworks/IOSurfaceAccelerator.framework/Versions/A/IOSurfaceAccelerator
0x000000019cfae000 	/System/Library/PrivateFrameworks/WatchdogClient.framework/Versions/A/WatchdogClient
0x0000000192251000 	/System/Library/Frameworks/CoreDisplay.framework/Versions/A/CoreDisplay
0x000000019988b000 	/System/Library/Frameworks/CoreMedia.framework/Versions/A/CoreMedia
0x0000000199718000 	/System/Library/PrivateFrameworks/IOAccelerator.framework/Versions/A/IOAccelerator
0x00000001984b7000 	/System/Library/Frameworks/CoreVideo.framework/Versions/A/CoreVideo
0x000000019bc09000 	/System/Library/Frameworks/MetalPerformanceShaders.framework/Versions/A/MetalPerformanceShaders
0x000000019cfed000 	/System/Library/Frameworks/VideoToolbox.framework/Versions/A/VideoToolbox
0x000000019755f000 	/System/Library/PrivateFrameworks/BaseBoard.framework/Versions/A/BaseBoard
0x00000001972ed000 	/System/Library/PrivateFrameworks/ProtocolBuffer.framework/Versions/A/ProtocolBuffer
0x000000019d529000 	/System/Library/PrivateFrameworks/GPUWrangler.framework/Versions/A/GPUWrangler
0x000000019d509000 	/System/Library/PrivateFrameworks/IOPresentment.framework/Versions/A/IOPresentment
0x000000019d531000 	/System/Library/PrivateFrameworks/DSExternalDisplay.framework/Versions/A/DSExternalDisplay
0x00000001f24e2000 	/System/Library/Frameworks/OpenGL.framework/Versions/A/Libraries/libCoreFSCache.dylib
0x00000001fcca8000 	/System/Library/PrivateFrameworks/GPUCompiler.framework/Versions/31001/Libraries/libGPUCompilerUtils.dylib
0x000000019d597000 	/System/Library/PrivateFrameworks/CMCaptureCore.framework/Versions/A/CMCaptureCore
0x000000019cb95000 	/System/Library/PrivateFrameworks/AppServerSupport.framework/Versions/A/AppServerSupport
0x000000019ee1b000 	/System/Library/PrivateFrameworks/perfdata.framework/Versions/A/perfdata
0x0000000192371000 	/System/Library/PrivateFrameworks/AudioToolboxCore.framework/Versions/A/AudioToolboxCore
0x0000000199864000 	/System/Library/PrivateFrameworks/caulk.framework/Versions/A/caulk
0x000000019e710000 	/usr/lib/libAudioStatistics.dylib
0x00000001b070f000 	/System/Library/PrivateFrameworks/SystemPolicy.framework/Versions/A/SystemPolicy
0x000000019e97c000 	/usr/lib/libSMC.dylib
0x00000001a76c8000 	/System/Library/Frameworks/CoreMIDI.framework/Versions/A/CoreMIDI
0x000000019d458000 	/usr/lib/libAudioToolboxUtility.dylib
0x00000001ac87f000 	/System/Library/PrivateFrameworks/OSAServicesClient.framework/Versions/A/OSAServicesClient
0x000000019ee28000 	/usr/lib/libperfcheck.dylib
0x00000001b122b000 	/usr/lib/libmis.dylib
0x00000001f2544000 	/System/Library/Frameworks/OpenGL.framework/Versions/A/Libraries/libGLU.dylib
0x00000001f2503000 	/System/Library/Frameworks/OpenGL.framework/Versions/A/Libraries/libGFXShared.dylib
0x00000001f26f0000 	/System/Library/Frameworks/OpenGL.framework/Versions/A/Libraries/libGL.dylib
0x00000001f250c000 	/System/Library/Frameworks/OpenGL.framework/Versions/A/Libraries/libGLImage.dylib
0x00000001f2500000 	/System/Library/Frameworks/OpenGL.framework/Versions/A/Libraries/libCVMSPluginSupport.dylib
0x00000001f24e9000 	/System/Library/Frameworks/OpenGL.framework/Versions/A/Libraries/libCoreVMClient.dylib
0x000000019a415000 	/System/Library/Frameworks/MetalPerformanceShaders.framework/Versions/A/Frameworks/MPSCore.framework/Versions/A/MPSCore
0x000000019b5b6000 	/System/Library/Frameworks/MetalPerformanceShaders.framework/Versions/A/Frameworks/MPSImage.framework/Versions/A/MPSImage
0x000000019b0a5000 	/System/Library/Frameworks/MetalPerformanceShaders.framework/Versions/A/Frameworks/MPSNeuralNetwork.framework/Versions/A/MPSNeuralNetwork
0x000000019b4de000 	/System/Library/Frameworks/MetalPerformanceShaders.framework/Versions/A/Frameworks/MPSMatrix.framework/Versions/A/MPSMatrix
0x000000019b2b7000 	/System/Library/Frameworks/MetalPerformanceShaders.framework/Versions/A/Frameworks/MPSRayIntersector.framework/Versions/A/MPSRayIntersector
0x000000019b50f000 	/System/Library/Frameworks/MetalPerformanceShaders.framework/Versions/A/Frameworks/MPSNDArray.framework/Versions/A/MPSNDArray
0x00000001f490b000 	/System/Library/Frameworks/MetalPerformanceShaders.framework/Versions/A/Frameworks/MPSFunctions.framework/Versions/A/MPSFunctions
0x0000000191604000 	/System/Library/PrivateFrameworks/MetalTools.framework/Versions/A/MetalTools
0x000000019a493000 	/System/Library/PrivateFrameworks/AggregateDictionary.framework/Versions/A/AggregateDictionary
0x000000019c3c9000 	/usr/lib/libIOReport.dylib
0x00000001a66e5000 	/System/Library/PrivateFrameworks/ASEProcessing.framework/Versions/A/ASEProcessing
0x000000019c73e000 	/System/Library/PrivateFrameworks/FaceCore.framework/Versions/A/FaceCore
0x000000019c730000 	/System/Library/PrivateFrameworks/GraphVisualizer.framework/Versions/A/GraphVisualizer
0x00000001fcbbf000 	/System/Library/PrivateFrameworks/FontServices.framework/Versions/A/FontServices
0x000000019cb51000 	/System/Library/PrivateFrameworks/OTSVG.framework/Versions/A/OTSVG
0x0000000198081000 	/System/Library/Frameworks/ApplicationServices.framework/Versions/A/Frameworks/ATS.framework/Versions/A/Resources/libFontRegistry.dylib
0x000000019cb9e000 	/System/Library/PrivateFrameworks/FontServices.framework/libhvf.dylib
0x00000001fcbc0000 	/System/Library/PrivateFrameworks/FontServices.framework/libXTFontStaticRegistryData.dylib
0x00000001f2891000 	/System/Library/Frameworks/OpenCL.framework/Versions/A/OpenCL
0x000000019c598000 	/System/Library/PrivateFrameworks/AppleVA.framework/Versions/A/AppleVA
0x000000019e738000 	/System/Library/Frameworks/ApplicationServices.framework/Versions/A/Frameworks/ATS.framework/Versions/A/ATS
0x0000000196aaa000 	/System/Library/Frameworks/ApplicationServices.framework/Versions/A/Frameworks/HIServices.framework/Versions/A/HIServices
0x000000019d5a1000 	/System/Library/Frameworks/ApplicationServices.framework/Versions/A/Frameworks/PrintCore.framework/Versions/A/PrintCore
0x000000019eacf000 	/System/Library/Frameworks/ApplicationServices.framework/Versions/A/Frameworks/QD.framework/Versions/A/QD
0x000000019eac7000 	/System/Library/Frameworks/ApplicationServices.framework/Versions/A/Frameworks/ColorSyncLegacy.framework/Versions/A/ColorSyncLegacy
0x000000019e724000 	/System/Library/Frameworks/ApplicationServices.framework/Versions/A/Frameworks/SpeechSynthesis.framework/Versions/A/SpeechSynthesis
0x000000019d562000 	/System/Library/Frameworks/ApplicationServices.framework/Versions/A/Frameworks/ATSUI.framework/Versions/A/ATSUI
0x000000019ea5c000 	/usr/lib/libcups.2.dylib
0x000000019ee36000 	/System/Library/Frameworks/Kerberos.framework/Versions/A/Kerberos
0x000000019ee47000 	/System/Library/Frameworks/GSS.framework/Versions/A/GSS
0x000000019e7a8000 	/usr/lib/libresolv.9.dylib
0x000000019cbad000 	/System/Library/PrivateFrameworks/Heimdal.framework/Versions/A/Heimdal
0x00000001a591b000 	/System/Library/Frameworks/Kerberos.framework/Versions/A/Libraries/libHeimdalProxy.dylib
0x00000001976f9000 	/System/Library/Frameworks/Network.framework/Versions/A/Network
0x000000019c5ff000 	/usr/lib/libheimdal-asn1.dylib
0x000000019ee97000 	/System/Library/PrivateFrameworks/CommonAuth.framework/Versions/A/CommonAuth
0x000000019e69e000 	/System/Library/PrivateFrameworks/AudioSession.framework/Versions/A/AudioSession
0x000000019c691000 	/System/Library/PrivateFrameworks/MediaExperience.framework/Versions/A/MediaExperience
0x000000019e524000 	/System/Library/PrivateFrameworks/AudioSession.framework/libSessionUtility.dylib
0x000000019eadb000 	/System/Library/PrivateFrameworks/AudioResourceArbitration.framework/Versions/A/AudioResourceArbitration
0x00000001a2ca1000 	/System/Library/PrivateFrameworks/PowerLog.framework/Versions/A/PowerLog
0x000000019c609000 	/System/Library/PrivateFrameworks/IconFoundation.framework/Versions/A/IconFoundation
0x00000001a19ea000 	/System/Library/PrivateFrameworks/SpeechRecognitionCore.framework/Versions/A/SpeechRecognitionCore
0x000000010600c000 	/Users/hooriyaamjad/.vscode/extensions/redhat.java-1.16.0-darwin-arm64/jre/17.0.6-macosx-aarch64/lib/server/libjvm.dylib
0x0000000100f4c000 	/Users/hooriyaamjad/.vscode/extensions/redhat.java-1.16.0-darwin-arm64/jre/17.0.6-macosx-aarch64/lib/libjimage.dylib
0x0000000100f78000 	/Users/hooriyaamjad/.vscode/extensions/redhat.java-1.16.0-darwin-arm64/jre/17.0.6-macosx-aarch64/lib/libinstrument.dylib
0x0000000100fc4000 	/Users/hooriyaamjad/.vscode/extensions/redhat.java-1.16.0-darwin-arm64/jre/17.0.6-macosx-aarch64/lib/libjava.dylib
0x0000000100fa8000 	/Users/hooriyaamjad/.vscode/extensions/redhat.java-1.16.0-darwin-arm64/jre/17.0.6-macosx-aarch64/lib/libzip.dylib
0x0000000105794000 	/Users/hooriyaamjad/.vscode/extensions/redhat.java-1.16.0-darwin-arm64/jre/17.0.6-macosx-aarch64/lib/libnio.dylib
0x00000001057d8000 	/Users/hooriyaamjad/.vscode/extensions/redhat.java-1.16.0-darwin-arm64/jre/17.0.6-macosx-aarch64/lib/libnet.dylib
0x00000001057b4000 	/Users/hooriyaamjad/.vscode/extensions/redhat.java-1.16.0-darwin-arm64/jre/17.0.6-macosx-aarch64/lib/libverify.dylib
0x000000011ac58000 	/Users/hooriyaamjad/.vscode/extensions/redhat.java-1.16.0-darwin-arm64/jre/17.0.6-macosx-aarch64/lib/libextnet.dylib


VM Arguments:
jvm_args: --add-modules=ALL-SYSTEM --add-opens=java.base/java.util=ALL-UNNAMED --add-opens=java.base/java.lang=ALL-UNNAMED --add-opens=java.base/sun.nio.fs=ALL-UNNAMED -Declipse.application=org.eclipse.jdt.ls.core.id1 -Dosgi.bundles.defaultStartLevel=4 -Declipse.product=org.eclipse.jdt.ls.core.product -Djava.import.generatesMetadataFilesAtProjectRoot=false -Dfile.encoding=utf8 -XX:+UseParallelGC -XX:GCTimeRatio=4 -XX:AdaptiveSizePolicyWeight=90 -Dsun.zip.disableMemoryMapping=true -Xmx1G -Xms100m -Xlog:disable -javaagent:/Users/hooriyaamjad/.vscode/extensions/redhat.java-1.16.0-darwin-arm64/lombok/lombok-1.18.24.jar -XX:+HeapDumpOnOutOfMemoryError -XX:HeapDumpPath=/Users/hooriyaamjad/Library/Application Support/Code/User/workspaceStorage/e5108e9027a6f4c8b458c2c808088203/redhat.java 
java_command: /Users/hooriyaamjad/.vscode/extensions/redhat.java-1.16.0-darwin-arm64/server/plugins/org.eclipse.equinox.launcher_1.6.400.v20210924-0641.jar -configuration /Users/hooriyaamjad/Library/Application Support/Code/User/globalStorage/redhat.java/1.16.0/config_mac -data /Users/hooriyaamjad/Library/Application Support/Code/User/workspaceStorage/e5108e9027a6f4c8b458c2c808088203/redhat.java/jdt_ws
java_class_path (initial): /Users/hooriyaamjad/.vscode/extensions/redhat.java-1.16.0-darwin-arm64/server/plugins/org.eclipse.equinox.launcher_1.6.400.v20210924-0641.jar
Launcher Type: SUN_STANDARD

[Global flags]
    uintx AdaptiveSizePolicyWeight                 = 90                                        {product} {command line}
     intx CICompilerCount                          = 4                                         {product} {ergonomic}
    uintx GCTimeRatio                              = 4                                         {product} {command line}
     bool HeapDumpOnOutOfMemoryError               = true                                   {manageable} {command line}
    ccstr HeapDumpPath                             = /Users/hooriyaamjad/Library/Application Support/Code/User/workspaceStorage/e5108e9027a6f4c8b458c2c808088203/redhat.java         {manageable} {command line}
   size_t InitialHeapSize                          = 109051904                                 {product} {command line, ergonomic}
   size_t MaxHeapSize                              = 1073741824                                {product} {command line}
   size_t MaxNewSize                               = 357564416                                 {product} {ergonomic}
   size_t MinHeapDeltaBytes                        = 524288                                    {product} {ergonomic}
   size_t MinHeapSize                              = 109051904                                 {product} {command line, ergonomic}
   size_t NewSize                                  = 36175872                                  {product} {ergonomic}
    uintx NonNMethodCodeHeapSize                   = 5839564                                {pd product} {ergonomic}
    uintx NonProfiledCodeHeapSize                  = 122909338                              {pd product} {ergonomic}
   size_t OldSize                                  = 72876032                                  {product} {ergonomic}
    uintx ProfiledCodeHeapSize                     = 122909338                              {pd product} {ergonomic}
    uintx ReservedCodeCacheSize                    = 251658240                              {pd product} {ergonomic}
     bool SegmentedCodeCache                       = true                                      {product} {ergonomic}
   size_t SoftMaxHeapSize                          = 1073741824                             {manageable} {ergonomic}
     bool UseCompressedClassPointers               = true                           {product lp64_product} {ergonomic}
     bool UseCompressedOops                        = true                           {product lp64_product} {ergonomic}
     bool UseNUMA                                  = false                                     {product} {ergonomic}
     bool UseNUMAInterleaving                      = false                                     {product} {ergonomic}
     bool UseParallelGC                            = true                                      {product} {command line}

Logging:
Log output configuration:
 #0: stdout all=off uptime,level,tags
 #1: stderr all=off uptime,level,tags

Environment Variables:
PATH=/opt/homebrew/bin:/opt/homebrew/sbin:/Library/Frameworks/Python.framework/Versions/3.11/bin:/Library/Frameworks/Python.framework/Versions/3.9/bin:/usr/local/bin:/usr/bin:/bin:/usr/sbin:/sbin:/Library/Apple/usr/bin
SHELL=/bin/zsh
TMPDIR=/var/folders/cc/z41c9q1n1clfz2f8txtgv3jm0000gn/T/

Signal Handlers:
   SIGSEGV: _ZL13crash_handleriP9__siginfoPv in libjvm.dylib, mask=11100110000111110111111111111111, flags=SA_RESTART|SA_SIGINFO
    SIGBUS: _ZL13crash_handleriP9__siginfoPv in libjvm.dylib, mask=11100110000111110111111111111111, flags=SA_RESTART|SA_SIGINFO
    SIGFPE: _ZL13crash_handleriP9__siginfoPv in libjvm.dylib, mask=11100110000111110111111111111111, flags=SA_RESTART|SA_SIGINFO
   SIGPIPE: _ZL17javaSignalHandleriP9__siginfoPv in libjvm.dylib, mask=11100110000111110111111111111111, flags=SA_RESTART|SA_SIGINFO
   SIGXFSZ: _ZL17javaSignalHandleriP9__siginfoPv in libjvm.dylib, mask=11100110000111110111111111111111, flags=SA_RESTART|SA_SIGINFO
    SIGILL: _ZL13crash_handleriP9__siginfoPv in libjvm.dylib, mask=11100110000111110111111111111111, flags=SA_RESTART|SA_SIGINFO
   SIGUSR2: _ZL10SR_handleriP9__siginfoP17__darwin_ucontext in libjvm.dylib, mask=00000000000000000000000000000000, flags=SA_RESTART|SA_SIGINFO
    SIGHUP: _ZL11UserHandleriPvS_ in libjvm.dylib, mask=11100110000111110111111111111111, flags=SA_RESTART|SA_SIGINFO
    SIGINT: _ZL11UserHandleriPvS_ in libjvm.dylib, mask=11100110000111110111111111111111, flags=SA_RESTART|SA_SIGINFO
   SIGTERM: _ZL11UserHandleriPvS_ in libjvm.dylib, mask=11100110000111110111111111111111, flags=SA_RESTART|SA_SIGINFO
   SIGQUIT: _ZL11UserHandleriPvS_ in libjvm.dylib, mask=11100110000111110111111111111111, flags=SA_RESTART|SA_SIGINFO
   SIGTRAP: _ZL13crash_handleriP9__siginfoPv in libjvm.dylib, mask=11100110000111110111111111111111, flags=SA_RESTART|SA_SIGINFO


---------------  S Y S T E M  ---------------

OS:
uname: Darwin 21.5.0 Darwin Kernel Version 21.5.0: Tue Apr 26 21:08:29 PDT 2022; root:xnu-8020.121.3~4/RELEASE_ARM64_T8101 arm64
OS uptime: 26 days 0:55 hours
rlimit (soft/hard): STACK 8176k/65520k , CORE 0k/infinity , NPROC 2666/4000 , NOFILE 10240/infinity , AS infinity/infinity , CPU infinity/infinity , DATA infinity/infinity , FSIZE infinity/infinity , MEMLOCK infinity/infinity , RSS infinity/infinity
load average: 2.32 2.06 2.36

CPU: total 8 (initial active 8) 0x61:0x0:0x1b588bb3:0, fp, simd, crc, lse

Memory: 16k page, physical 16777216k(114608k free), swap 2097152k(1208064k free)

vm_info: OpenJDK 64-Bit Server VM (17.0.6+10) for bsd-aarch64 JRE (17.0.6+10), built on Jan 18 2023 10:11:53 by "temurin" with clang Apple LLVM 12.0.0 (clang-1200.0.32.29)

END.
